<?xml version="1.0" encoding="utf-8"?><testsuites name="pytest tests"><testsuite name="pytest" errors="0" failures="0" skipped="0" tests="23" time="6.108" timestamp="2026-04-18T19:15:01.963042+00:00" hostname="agent-env-09539d6d-3ad6-46a4-ba0f-fac153d53ada"><testcase classname="backend.tests.test_admin.TestAdminAutoPromotion" name="test_admin_role_in_db" time="0.569" /><testcase classname="backend.tests.test_admin.TestAdminAutoPromotion" name="test_driver_role" time="0.473" /><testcase classname="backend.tests.test_admin.TestAdminRBAC" name="test_driver_forbidden[GET-/admin/stats]" time="0.155" /><testcase classname="backend.tests.test_admin.TestAdminRBAC" name="test_driver_forbidden[GET-/admin/users]" time="0.172" /><testcase classname="backend.tests.test_admin.TestAdminRBAC" name="test_driver_forbidden[GET-/admin/jobs]" time="0.124" /><testcase classname="backend.tests.test_admin.TestAdminRBAC" name="test_driver_forbidden[GET-/admin/plans]" time="0.110" /><testcase classname="backend.tests.test_admin.TestAdminRBAC" name="test_driver_forbidden[GET-/admin/fees]" time="0.131" /><testcase classname="backend.tests.test_admin.TestAdminRBAC" name="test_driver_forbidden[GET-/admin/transactions]" time="0.117" /><testcase classname="backend.tests.test_admin.TestAdminRBAC" name="test_no_auth_unauthorized" time="0.107" /><testcase classname="backend.tests.test_admin.TestAdminStats" name="test_stats_structure" time="0.110" /><testcase classname="backend.tests.test_admin.TestAdminUsers" name="test_list_users_no_sensitive_fields" time="0.128" /><testcase classname="backend.tests.test_admin.TestAdminUsers" name="test_update_user_role_and_persist" time="0.386" /><testcase classname="backend.tests.test_admin.TestAdminUsers" name="test_update_user_invalid_role" time="0.111" /><testcase classname="backend.tests.test_admin.TestAdminUsers" name="test_delete_self_forbidden" time="0.119" /><testcase classname="backend.tests.test_admin.TestAdminUsers" name="test_delete_then_recreate" time="0.935" /><testcase classname="backend.tests.test_admin.TestAdminJobs" name="test_list_jobs" time="0.236" /><testcase classname="backend.tests.test_admin.TestAdminJobs" name="test_update_job_invalid_status" time="0.218" /><testcase classname="backend.tests.test_admin.TestAdminJobs" name="test_update_job_and_delete" time="0.456" /><testcase classname="backend.tests.test_admin.TestAdminPlans" name="test_get_plans" time="0.143" /><testcase classname="backend.tests.test_admin.TestAdminPlans" name="test_update_plan_and_public_reflects" time="0.505" /><testcase classname="backend.tests.test_admin.TestAdminPlans" name="test_update_plan_not_found" time="0.116" /><testcase classname="backend.tests.test_admin.TestAdminFees" name="test_get_and_update_fees" time="0.448" /><testcase classname="backend.tests.test_admin.TestAdminTransactions" name="test_list_transactions" time="0.103" /></testsuite></testsuites>