<?xml version="1.0" encoding="utf-8"?><testsuites name="pytest tests"><testsuite name="pytest" errors="0" failures="1" skipped="0" tests="16" time="6.556" timestamp="2026-04-19T01:47:15.935585+00:00" hostname="agent-env-09539d6d-3ad6-46a4-ba0f-fac153d53ada"><testcase classname="backend.tests.test_commission_pivot.TestSubscriptionRemoved" name="test_subscriptions_plans_gone" time="0.181" /><testcase classname="backend.tests.test_commission_pivot.TestSubscriptionRemoved" name="test_admin_plans_gone" time="0.457" /><testcase classname="backend.tests.test_commission_pivot.TestSubscriptionRemoved" name="test_payments_checkout_with_plan_gone" time="0.468" /><testcase classname="backend.tests.test_commission_pivot.TestFeeAgreement" name="test_public_fee_agreement" time="0.162" /><testcase classname="backend.tests.test_commission_pivot.TestFeeAgreement" name="test_admin_update_fees_roundtrip" time="0.238" /><testcase classname="backend.tests.test_commission_pivot.TestCommissionFlow" name="test_driver_accept_complete_creates_commission" time="0.570" /><testcase classname="backend.tests.test_commission_pivot.TestCommissionFlow" name="test_cancel_within_grace_no_charge" time="0.462" /><testcase classname="backend.tests.test_commission_pivot.TestCommissionFlow" name="test_cancel_after_grace_charges_fee" time="0.379" /><testcase classname="backend.tests.test_commission_pivot.TestCommissionFlow" name="test_cancel_403_if_not_assigned" time="0.843" /><testcase classname="backend.tests.test_commission_pivot.TestCommissionFlow" name="test_cancel_400_if_not_in_progress" time="0.227"><failure message="assert 403 == 400&#10; +  where 403 = &lt;Response [403]&gt;.status_code">backend/tests/test_commission_pivot.py:245: in test_cancel_400_if_not_in_progress
    assert r.status_code == 400
E   assert 403 == 400
E    +  where 403 = &lt;Response [403]&gt;.status_code</failure></testcase><testcase classname="backend.tests.test_commission_pivot.TestBalanceCheckout" name="test_checkout_400_when_no_balance" time="0.477" /><testcase classname="backend.tests.test_commission_pivot.TestBalanceCheckout" name="test_checkout_with_balance_returns_url" time="0.852" /><testcase classname="backend.tests.test_commission_pivot.TestAdminEndpoints" name="test_admin_stats_new_shape" time="0.130" /><testcase classname="backend.tests.test_commission_pivot.TestAdminEndpoints" name="test_admin_ledger_lists_entries" time="0.126" /><testcase classname="backend.tests.test_commission_pivot.TestAdminEndpoints" name="test_admin_users_no_subscription_fields" time="0.113" /><testcase classname="backend.tests.test_commission_pivot.TestAdminEndpoints" name="test_rbac_driver_blocked_on_admin" time="0.709" /></testsuite></testsuites>