<?xml version="1.0" encoding="utf-8"?><testsuites name="pytest tests"><testsuite name="pytest" errors="0" failures="1" skipped="0" tests="14" time="12.453" timestamp="2026-08-19T12:17:28.168222+00:00" hostname="agent-env-09539d6d-3ad6-46a4-ba0f-fac153d53ada"><testcase classname="tests.test_driver_management.TestVerificationList" name="test_rbac" time="2.502" /><testcase classname="tests.test_driver_management.TestVerificationList" name="test_enriched_shape" time="0.119" /><testcase classname="tests.test_driver_management.TestVerificationList" name="test_unverified_driver_not_compliant" time="0.135" /><testcase classname="tests.test_driver_management.TestStatusTransitionsAndAudit" name="test_suspend_reject_pending_and_audit" time="1.299" /><testcase classname="tests.test_driver_management.TestStatusTransitionsAndAudit" name="test_invalid_status_rejected" time="0.143" /><testcase classname="tests.test_driver_management.TestStatusTransitionsAndAudit" name="test_missing_driver_404" time="0.160" /><testcase classname="tests.test_driver_management.TestStatusTransitionsAndAudit" name="test_approve_with_missing_docs_400" time="0.239" /><testcase classname="tests.test_driver_management.TestStatusTransitionsAndAudit" name="test_suspend_has_no_document_blocker" time="0.401" /><testcase classname="tests.test_driver_management.TestStatusTransitionsAndAudit" name="test_record_endpoint_audit_only_on_status_change" time="0.790" /><testcase classname="tests.test_driver_management.TestComplianceBlock" name="test_suspended_driver_blocked_then_restored" time="2.090" /><testcase classname="tests.test_driver_management.TestComplianceBlock" name="test_expired_insurance_blocks_even_when_approved" time="0.948" /><testcase classname="tests.test_driver_management.TestComplianceBlock" name="test_expiring_soon_still_allowed" time="1.000" /><testcase classname="tests.test_driver_management.TestComplianceBlock" name="test_insurance_expiry_can_be_cleared" time="0.656"><failure message="Failed: PUT /drivers/{id}/record cannot clear insurance_expiry (None values stripped); driver1 restored with a +365d date instead">tests/test_driver_management.py:318: in test_insurance_expiry_can_be_cleared
    pytest.fail("PUT /drivers/{id}/record cannot clear insurance_expiry (None values stripped); "
E   Failed: PUT /drivers/{id}/record cannot clear insurance_expiry (None values stripped); driver1 restored with a +365d date instead</failure></testcase><testcase classname="tests.test_driver_management.TestActiveDeliveryException" name="test_suspended_driver_can_advance_active_job" time="1.846" /></testsuite></testsuites>