<?xml version="1.0" encoding="utf-8"?><testsuites name="pytest tests"><testsuite name="pytest" errors="0" failures="3" skipped="0" tests="30" time="12.574" timestamp="2026-08-19T15:09:17.383969+00:00" hostname="agent-env-09539d6d-3ad6-46a4-ba0f-fac153d53ada"><testcase classname="tests.test_health_data_hardening.TestConsentGate" name="test_booking_without_consent_422" time="1.778" /><testcase classname="tests.test_health_data_hardening.TestConsentGate" name="test_booking_with_consent_stores_consent_block" time="0.315" /><testcase classname="tests.test_health_data_hardening.TestEncryptionAtRest" name="test_raw_mongo_job_fields_encrypted" time="0.303" /><testcase classname="tests.test_health_data_hardening.TestEncryptionAtRest" name="test_create_response_plaintext" time="0.000" /><testcase classname="tests.test_health_data_hardening.TestEncryptionAtRest" name="test_get_job_plaintext_facility_and_admin" time="0.293" /><testcase classname="tests.test_health_data_hardening.TestEncryptionAtRest" name="test_dispatch_board_no_ciphertext" time="0.178" /><testcase classname="tests.test_health_data_hardening.TestEncryptionAtRest" name="test_facility_deliveries_no_ciphertext" time="0.189" /><testcase classname="tests.test_health_data_hardening.TestEncryptionAtRest" name="test_breach_report_no_ciphertext" time="0.133" /><testcase classname="tests.test_health_data_hardening.TestEncryptionAtRest" name="test_admin_jobs_list_no_ciphertext" time="0.165"><failure message="AssertionError: enc:: leaked in GET /api/admin/jobs&#10;assert not True&#10; +  where True = contains_enc({'jobs': [{'accepted_at': None, 'accepted_by': None, 'assigned_driver_id': None, 'completed_at': None, ...}, {'accepte...ned_driver_id': '6a3181fa-c14b-4acd-be07-3fccf6b56600', 'completed_at': '2026-08-19T10:24:26.203716+00:00', ...}, ...]})&#10; +    where {'jobs': [{'accepted_at': None, 'accepted_by': None, 'assigned_driver_id': None, 'completed_at': None, ...}, {'accepte...ned_driver_id': '6a3181fa-c14b-4acd-be07-3fccf6b56600', 'completed_at': '2026-08-19T10:24:26.203716+00:00', ...}, ...]} = json()&#10; +      where json = &lt;Response [200]&gt;.json">E   AssertionError: enc:: leaked in GET /api/admin/jobs
    assert not True
     +  where True = contains_enc({'jobs': [{'accepted_at': None, 'accepted_by': None, 'assigned_driver_id': None, 'completed_at': None, ...}, {'accepte...ned_driver_id': '6a3181fa-c14b-4acd-be07-3fccf6b56600', 'completed_at': '2026-08-19T10:24:26.203716+00:00', ...}, ...]})
     +    where {'jobs': [{'accepted_at': None, 'accepted_by': None, 'assigned_driver_id': None, 'completed_at': None, ...}, {'accepte...ned_driver_id': '6a3181fa-c14b-4acd-be07-3fccf6b56600', 'completed_at': '2026-08-19T10:24:26.203716+00:00', ...}, ...]} = json()
     +      where json = &lt;Response [200]&gt;.json</failure></testcase><testcase classname="tests.test_health_data_hardening.TestEncryptionAtRest" name="test_jobs_list_no_ciphertext" time="0.132" /><testcase classname="tests.test_health_data_hardening.TestDriverLeastPrivilege" name="test_available_jobs_masked" time="0.613" /><testcase classname="tests.test_health_data_hardening.TestDriverLeastPrivilege" name="test_assigned_job_reveals_plaintext" time="0.336" /><testcase classname="tests.test_health_data_hardening.TestDeliveryE2E" name="test_full_flow" time="2.001"><failure message="AssertionError: POST /api/jobs/{id}/custody-events response leaks enc:: -&gt; {&quot;id&quot;:&quot;7d61ee00-c834-47a2-b5a9-7ab425ee9e1d&quot;,&quot;job_id&quot;:&quot;493cb0b5-ee34-40ef-9f05-c84b24a439a7&quot;,&quot;event_type&quot;:&quot;delivered&quot;,&quot;gps_lat&quot;:null,&quot;gps_lng&quot;:null,&quot;evidence_url&quot;:&quot;/api/delivery-evidence/381f7666-e528&#10;assert not ['POST /api/jobs/{id}/custody-events response leaks enc:: -&gt; {&quot;id&quot;:&quot;7d61ee00-c834-47a2-b5a9-7ab425ee9e1d&quot;,&quot;job_id&quot;:&quot;49...24a439a7&quot;,&quot;event_type&quot;:&quot;delivered&quot;,&quot;gps_lat&quot;:null,&quot;gps_lng&quot;:null,&quot;evidence_url&quot;:&quot;/api/delivery-evidence/381f7666-e528']">E   AssertionError: POST /api/jobs/{id}/custody-events response leaks enc:: -&gt; {"id":"7d61ee00-c834-47a2-b5a9-7ab425ee9e1d","job_id":"493cb0b5-ee34-40ef-9f05-c84b24a439a7","event_type":"delivered","gps_lat":null,"gps_lng":null,"evidence_url":"/api/delivery-evidence/381f7666-e528
    assert not ['POST /api/jobs/{id}/custody-events response leaks enc:: -&gt; {"id":"7d61ee00-c834-47a2-b5a9-7ab425ee9e1d","job_id":"49...24a439a7","event_type":"delivered","gps_lat":null,"gps_lng":null,"evidence_url":"/api/delivery-evidence/381f7666-e528']</failure></testcase><testcase classname="tests.test_health_data_hardening.TestPrivacyGate" name="test_register_without_acceptance_422" time="0.135" /><testcase classname="tests.test_health_data_hardening.TestPrivacyGate" name="test_register_with_acceptance_and_me" time="1.010" /><testcase classname="tests.test_health_data_hardening.TestPrivacyGate" name="test_accept_privacy_for_existing_user" time="0.752" /><testcase classname="tests.test_health_data_hardening.TestPrivacyGate" name="test_accept_privacy_requires_auth" time="0.155" /><testcase classname="tests.test_health_data_hardening.TestResidency" name="test_staff_can_read" time="0.313" /><testcase classname="tests.test_health_data_hardening.TestResidency" name="test_driver_forbidden" time="0.133" /><testcase classname="tests.test_health_data_hardening.TestResidency" name="test_unauthenticated" time="0.133" /><testcase classname="tests.test_health_data_hardening.TestAuditIntegrity" name="test_intact_and_count" time="0.187" /><testcase classname="tests.test_health_data_hardening.TestAuditIntegrity" name="test_driver_forbidden" time="0.183" /><testcase classname="tests.test_health_data_hardening.TestAuditIntegrity" name="test_tamper_detected_and_restored" time="0.346" /><testcase classname="tests.test_health_data_hardening.TestAuditIntegrity" name="test_deletion_detected_and_restored" time="0.358" /><testcase classname="tests.test_health_data_hardening.TestAuditIntegrity" name="test_no_mutation_endpoints_for_audit_logs" time="0.904" /><testcase classname="tests.test_health_data_hardening.TestAuditIntegrity" name="test_new_entries_continue_chain" time="0.878" /><testcase classname="tests.test_health_data_hardening.TestMigration" name="test_all_job_pii_encrypted" time="0.001" /><testcase classname="tests.test_health_data_hardening.TestMigration" name="test_all_custody_pii_encrypted" time="0.001" /><testcase classname="tests.test_health_data_hardening.TestCiphertextLeakPoints" name="test_single_custody_event_endpoint_decrypts" time="0.137"><failure message="AssertionError: GET /api/custody-events/{id} leaks ciphertext: {&quot;id&quot;:&quot;0f53f605-2918-4c93-859f-fc73889e2e63&quot;,&quot;job_id&quot;:&quot;e4773c07-a6fd-47b8-9c22-87f6073c144c&quot;,&quot;event_type&quot;:&quot;delivered&quot;,&quot;gps_lat&quot;:43.66,&quot;gps_lng&quot;:-79.39,&quot;evidence_url&quot;:&quot;https://storage.example/sig123.pn&#10;assert not True&#10; +  where True = contains_enc({'actor_id': '6a3181fa-c14b-4acd-be07-3fccf6b56600', 'event_type': 'delivered', 'evidence_url': 'https://storage.example/sig123.png', 'gps_lat': 43.66, ...})&#10; +    where {'actor_id': '6a3181fa-c14b-4acd-be07-3fccf6b56600', 'event_type': 'delivered', 'evidence_url': 'https://storage.example/sig123.png', 'gps_lat': 43.66, ...} = json()&#10; +      where json = &lt;Response [200]&gt;.json">E   AssertionError: GET /api/custody-events/{id} leaks ciphertext: {"id":"0f53f605-2918-4c93-859f-fc73889e2e63","job_id":"e4773c07-a6fd-47b8-9c22-87f6073c144c","event_type":"delivered","gps_lat":43.66,"gps_lng":-79.39,"evidence_url":"https://storage.example/sig123.pn
    assert not True
     +  where True = contains_enc({'actor_id': '6a3181fa-c14b-4acd-be07-3fccf6b56600', 'event_type': 'delivered', 'evidence_url': 'https://storage.example/sig123.png', 'gps_lat': 43.66, ...})
     +    where {'actor_id': '6a3181fa-c14b-4acd-be07-3fccf6b56600', 'event_type': 'delivered', 'evidence_url': 'https://storage.example/sig123.png', 'gps_lat': 43.66, ...} = json()
     +      where json = &lt;Response [200]&gt;.json</failure></testcase><testcase classname="tests.test_health_data_hardening.TestAuditDeletionDetection" name="test_mid_chain_delete_detected_then_restored" time="0.367" /></testsuite></testsuites>