<?xml version="1.0" encoding="utf-8"?><testsuites name="pytest tests"><testsuite name="pytest" errors="0" failures="0" skipped="0" tests="6" time="5.657" timestamp="2026-08-19T11:54:06.701178+00:00" hostname="agent-env-09539d6d-3ad6-46a4-ba0f-fac153d53ada"><testcase classname="tests.test_dispatch_offer_semantics.TestAcceptedByLifecycle" name="test_offer_does_not_set_accepted_by" time="1.549" /><testcase classname="tests.test_dispatch_offer_semantics.TestAcceptedByLifecycle" name="test_driver_sees_and_accepts_offered_job" time="0.890" /><testcase classname="tests.test_dispatch_offer_semantics.TestAcceptedByLifecycle" name="test_reassign_accepted_job_clears_accepted_by" time="0.781" /><testcase classname="tests.test_dispatch_offer_semantics.TestAcceptedByLifecycle" name="test_staff_set_status_accepted_sets_accepted_by" time="0.380" /><testcase classname="tests.test_dispatch_offer_semantics.TestStatusSinceClock" name="test_offer_sets_offered_at_and_board_status_since" time="0.585" /><testcase classname="tests.test_dispatch_offer_semantics.TestStatusSinceClock" name="test_cancel_sets_cancelled_at_and_board_status_since" time="1.405" /></testsuite></testsuites>