<?xml version="1.0" encoding="utf-8"?><testsuites name="pytest tests"><testsuite name="pytest" errors="0" failures="0" skipped="0" tests="14" time="8.639" timestamp="2026-08-19T11:53:02.584100+00:00" hostname="agent-env-09539d6d-3ad6-46a4-ba0f-fac153d53ada"><testcase classname="tests.test_dispatch_console.TestDispatchBoard" name="test_board_rbac" time="2.458" /><testcase classname="tests.test_dispatch_console.TestDispatchBoard" name="test_board_shape" time="0.238" /><testcase classname="tests.test_dispatch_console.TestDispatchBoard" name="test_board_facility_name_populated" time="0.116" /><testcase classname="tests.test_dispatch_console.TestAssignCancel" name="test_assign_approved_driver" time="0.532" /><testcase classname="tests.test_dispatch_console.TestAssignCancel" name="test_assign_unverified_driver_400" time="0.382" /><testcase classname="tests.test_dispatch_console.TestAssignCancel" name="test_offer_without_driver_400" time="0.241" /><testcase classname="tests.test_dispatch_console.TestAssignCancel" name="test_reassign_to_second_driver" time="1.178" /><testcase classname="tests.test_dispatch_console.TestAssignCancel" name="test_cancel_job" time="0.388" /><testcase classname="tests.test_dispatch_console.TestAssignCancel" name="test_cancel_assigned_job" time="0.374" /><testcase classname="tests.test_dispatch_console.TestAssignCancel" name="test_invalid_status_rejected" time="0.287" /><testcase classname="tests.test_dispatch_console.TestAssignCancel" name="test_update_missing_job_404" time="0.114" /><testcase classname="tests.test_dispatch_console.TestCustodyStaffAccess" name="test_staff_can_read_custody_of_foreign_job" time="0.539" /><testcase classname="tests.test_dispatch_console.TestCustodyStaffAccess" name="test_custody_unrelated_driver_403" time="0.269" /><testcase classname="tests.test_dispatch_console.TestCustodyStaffAccess" name="test_custody_missing_job_404" time="1.427" /></testsuite></testsuites>