<?xml version="1.0" encoding="utf-8"?><testsuites name="pytest tests"><testsuite name="pytest" errors="0" failures="2" skipped="0" tests="189" time="267.811" timestamp="2026-08-19T11:57:54.855458+00:00" hostname="agent-env-09539d6d-3ad6-46a4-ba0f-fac153d53ada"><testcase classname="tests.test_active_delivery.TestPickupStage" name="test_pickup_requires_accepted_status" time="2.173" /><testcase classname="tests.test_active_delivery.TestPickupStage" name="test_pickup_checklist_missing_items" time="0.763" /><testcase classname="tests.test_active_delivery.TestPickupStage" name="test_cooler_not_required_for_non_cold_job" time="0.500" /><testcase classname="tests.test_active_delivery.TestPickupStage" name="test_temperature_controlled_requires_cooler" time="0.378" /><testcase classname="tests.test_active_delivery.TestPickupStage" name="test_double_pickup_confirm_rejected" time="0.513" /><testcase classname="tests.test_active_delivery.TestTransitStage" name="test_ping_requires_picked_up" time="0.375" /><testcase classname="tests.test_active_delivery.TestTransitStage" name="test_first_ping_flips_to_in_transit" time="0.899" /><testcase classname="tests.test_active_delivery.TestDeliveryEvidence" name="test_evidence_rbac_and_serve" time="2.783" /><testcase classname="tests.test_active_delivery.TestDeliveryEvidence" name="test_id_photo_kind" time="0.599" /><testcase classname="tests.test_active_delivery.TestDeliveredStage" name="test_delivered_validations_and_settlement" time="3.303" /><testcase classname="tests.test_active_delivery.TestDeliveredStage" name="test_no_events_after_delivered" time="1.254" /><testcase classname="tests.test_active_delivery.TestReturnFlow" name="test_return_requires_attempt_and_notifies" time="1.792" /><testcase classname="tests.test_active_delivery.TestReturnFlow" name="test_delivery_attempted_requires_active_delivery" time="0.368" /><testcase classname="tests.test_active_delivery.TestLegacyComplete" name="test_complete_from_accepted_settles" time="0.550" /><testcase classname="tests.test_active_delivery.TestLegacyComplete" name="test_complete_from_in_transit" time="0.593" /><testcase classname="tests.test_active_delivery.TestCustodyRbac" name="test_facility_cannot_create_custody_event" time="0.419" /><testcase classname="tests.test_active_delivery.TestCustodyRbac" name="test_invalid_event_type_and_missing_job" time="0.500" /><testcase classname="tests.test_active_delivery.TestCustodyRbac" name="test_unauthenticated_blocked" time="2.561" /><testcase classname="tests.test_auth_hardening" name="test_bcrypt_hash_format" time="0.014" /><testcase classname="tests.test_auth_hardening" name="test_login_rejects_wrong_password_401" time="0.335" /><testcase classname="tests.test_auth_hardening" name="test_brute_force_lockout_after_5_failures" time="2.468"><failure message="AssertionError: no lockout implemented; codes=[401, 401, 401, 401, 401, 401], valid-login-after=200&#10;assert (423 in [401, 401, 401, 401, 401, 401] or 429 in [401, 401, 401, 401, 401, 401])">def test_brute_force_lockout_after_5_failures():
        codes = []
        for _ in range(6):
            r = requests.post(f"{API}/auth/login", json={"email": "facility1@test.com", "password": "wrongpass"}, timeout=30)
            codes.append(r.status_code)
        # valid password must still work if no lockout implemented
        ok = requests.post(f"{API}/auth/login", json={"email": "facility1@test.com", "password": "Facility@123"}, timeout=30)
&gt;       assert 423 in codes or 429 in codes, f"no lockout implemented; codes={codes}, valid-login-after={ok.status_code}"
E       AssertionError: no lockout implemented; codes=[401, 401, 401, 401, 401, 401], valid-login-after=200
E       assert (423 in [401, 401, 401, 401, 401, 401] or 429 in [401, 401, 401, 401, 401, 401])

tests/test_auth_hardening.py:35: AssertionError</failure></testcase><testcase classname="tests.test_commission_pivot.TestSubscriptionRemoved" name="test_subscriptions_plans_gone" time="0.155" /><testcase classname="tests.test_commission_pivot.TestSubscriptionRemoved" name="test_admin_plans_gone" time="0.464" /><testcase classname="tests.test_commission_pivot.TestSubscriptionRemoved" name="test_payments_checkout_with_plan_gone" time="0.463" /><testcase classname="tests.test_commission_pivot.TestFeeAgreement" name="test_public_fee_agreement" time="0.140" /><testcase classname="tests.test_commission_pivot.TestFeeAgreement" name="test_admin_update_fees_roundtrip" time="10.264" /><testcase classname="tests.test_commission_pivot.TestCommissionFlow" name="test_driver_accept_complete_creates_commission" time="0.656" /><testcase classname="tests.test_commission_pivot.TestCommissionFlow" name="test_cancel_within_grace_no_charge" time="0.506" /><testcase classname="tests.test_commission_pivot.TestCommissionFlow" name="test_cancel_after_grace_charges_fee" time="0.399" /><testcase classname="tests.test_commission_pivot.TestCommissionFlow" name="test_cancel_403_if_not_assigned" time="0.896" /><testcase classname="tests.test_commission_pivot.TestCommissionFlow" name="test_cancel_400_if_not_in_progress" time="0.232" /><testcase classname="tests.test_commission_pivot.TestBalanceCheckout" name="test_checkout_400_when_no_balance" time="0.466" /><testcase classname="tests.test_commission_pivot.TestBalanceCheckout" name="test_checkout_with_balance_returns_url" time="0.519" /><testcase classname="tests.test_commission_pivot.TestAdminEndpoints" name="test_admin_stats_new_shape" time="0.126" /><testcase classname="tests.test_commission_pivot.TestAdminEndpoints" name="test_admin_ledger_lists_entries" time="0.137" /><testcase classname="tests.test_commission_pivot.TestAdminEndpoints" name="test_admin_users_no_subscription_fields" time="0.156" /><testcase classname="tests.test_commission_pivot.TestAdminEndpoints" name="test_rbac_driver_blocked_on_admin" time="0.728" /><testcase classname="tests.test_dispatch_console.TestDispatchBoard" name="test_board_rbac" time="2.350" /><testcase classname="tests.test_dispatch_console.TestDispatchBoard" name="test_board_shape" time="0.258" /><testcase classname="tests.test_dispatch_console.TestDispatchBoard" name="test_board_facility_name_populated" time="0.129" /><testcase classname="tests.test_dispatch_console.TestAssignCancel" name="test_assign_approved_driver" time="0.520" /><testcase classname="tests.test_dispatch_console.TestAssignCancel" name="test_assign_unverified_driver_400" time="0.368" /><testcase classname="tests.test_dispatch_console.TestAssignCancel" name="test_offer_without_driver_400" time="0.267" /><testcase classname="tests.test_dispatch_console.TestAssignCancel" name="test_reassign_to_second_driver" time="1.091" /><testcase classname="tests.test_dispatch_console.TestAssignCancel" name="test_cancel_job" time="60.542" /><testcase classname="tests.test_dispatch_console.TestAssignCancel" name="test_cancel_assigned_job" time="0.387" /><testcase classname="tests.test_dispatch_console.TestAssignCancel" name="test_invalid_status_rejected" time="0.261" /><testcase classname="tests.test_dispatch_console.TestAssignCancel" name="test_update_missing_job_404" time="0.121" /><testcase classname="tests.test_dispatch_console.TestCustodyStaffAccess" name="test_staff_can_read_custody_of_foreign_job" time="0.552" /><testcase classname="tests.test_dispatch_console.TestCustodyStaffAccess" name="test_custody_unrelated_driver_403" time="0.259" /><testcase classname="tests.test_dispatch_console.TestCustodyStaffAccess" name="test_custody_missing_job_404" time="1.479" /><testcase classname="tests.test_dispatch_offer_semantics.TestAcceptedByLifecycle" name="test_offer_does_not_set_accepted_by" time="1.415" /><testcase classname="tests.test_dispatch_offer_semantics.TestAcceptedByLifecycle" name="test_driver_sees_and_accepts_offered_job" time="0.935" /><testcase classname="tests.test_dispatch_offer_semantics.TestAcceptedByLifecycle" name="test_reassign_accepted_job_clears_accepted_by" time="0.833" /><testcase classname="tests.test_dispatch_offer_semantics.TestAcceptedByLifecycle" name="test_staff_set_status_accepted_sets_accepted_by" time="0.391" /><testcase classname="tests.test_dispatch_offer_semantics.TestStatusSinceClock" name="test_offer_sets_offered_at_and_board_status_since" time="0.646" /><testcase classname="tests.test_dispatch_offer_semantics.TestStatusSinceClock" name="test_cancel_sets_cancelled_at_and_board_status_since" time="37.327" /><testcase classname="tests.test_driver_available_jobs.TestAvailableMasking" name="test_available_shape_and_masking" time="1.791" /><testcase classname="tests.test_driver_available_jobs.TestAvailableMasking" name="test_only_open_or_offered_to_me" time="0.247" /><testcase classname="tests.test_driver_available_jobs.TestColdChainEligibility" name="test_cold_chain_hidden_when_not_certified" time="0.728" /><testcase classname="tests.test_driver_available_jobs.TestAccept" name="test_accept_sets_accepted_and_reveals_addresses" time="0.809" /><testcase classname="tests.test_driver_available_jobs.TestAccept" name="test_complete_from_accepted" time="0.503" /><testcase classname="tests.test_driver_available_jobs.TestDecline" name="test_decline_open_job_hides_only_for_that_driver" time="0.992" /><testcase classname="tests.test_driver_available_jobs.TestDecline" name="test_decline_offered_reverts_to_open" time="0.664" /><testcase classname="tests.test_driver_available_jobs.TestDecline" name="test_accept_offered_to_me" time="0.575" /><testcase classname="tests.test_driver_available_jobs.TestDecline" name="test_decline_accepted_job_400" time="0.516" /><testcase classname="tests.test_driver_available_jobs.TestDecline" name="test_decline_rbac" time="0.526" /><testcase classname="tests.test_driver_available_jobs.TestDecline" name="test_decline_unknown_job_404" time="0.117" /><testcase classname="tests.test_driver_available_jobs.TestLegacyStatus" name="test_legacy_in_progress_can_complete" time="2.277" /><testcase classname="tests.test_driver_onboarding.TestOnboardingState" name="test_new_driver_onboarding_initial" time="0.829" /><testcase classname="tests.test_driver_onboarding.TestOnboardingState" name="test_auth_me_returns_verification_status" time="0.122" /><testcase classname="tests.test_driver_onboarding.TestOnboardingState" name="test_unverified_driver_cannot_accept_job" time="0.603" /><testcase classname="tests.test_driver_onboarding.TestOnboardingState" name="test_onboarding_forbidden_for_facility" time="0.125" /><testcase classname="tests.test_driver_onboarding.TestUploadValidation" name="test_invalid_doc_type_422" time="0.124" /><testcase classname="tests.test_driver_onboarding.TestUploadValidation" name="test_disallowed_mime_422" time="0.112" /><testcase classname="tests.test_driver_onboarding.TestUploadValidation" name="test_insurance_requires_expiry_422" time="0.118" /><testcase classname="tests.test_driver_onboarding.TestUploadValidation" name="test_upload_requires_driver_role" time="0.113" /><testcase classname="tests.test_driver_onboarding.TestLifecycle" name="test_upload_all_required_moves_to_pending_review" time="2.341" /><testcase classname="tests.test_driver_onboarding.TestLifecycle" name="test_file_roundtrip_owner_and_auth_query" time="1.561" /><testcase classname="tests.test_driver_onboarding.TestLifecycle" name="test_dispatcher_can_review_document" time="1.256" /><testcase classname="tests.test_driver_onboarding.TestLifecycle" name="test_review_invalid_status_422" time="0.322" /><testcase classname="tests.test_driver_onboarding.TestLifecycle" name="test_staff_endpoints_forbidden_for_driver_and_facility" time="0.911" /><testcase classname="tests.test_driver_onboarding.TestLifecycle" name="test_dispatcher_lists_verifications" time="0.184" /><testcase classname="tests.test_driver_onboarding.TestLifecycle" name="test_dispatcher_can_set_verification_and_driver_can_accept" time="0.677" /><testcase classname="tests.test_driver_onboarding.TestLifecycle" name="test_bad_verification_status_and_unknown_user" time="0.238" /><testcase classname="tests.test_driver_onboarding.TestAuditTrail" name="test_audit_entries_exist" time="0.271" /><testcase classname="tests.test_driver_onboarding.TestAuditTrail" name="test_audit_forbidden_for_driver" time="0.525" /><testcase classname="tests.test_facility_portal.TestFacilityRequestCreate" name="test_create_defaults_and_payout" time="0.999" /><testcase classname="tests.test_facility_portal.TestFacilityRequestCreate" name="test_create_no_flags_min_fee" time="1.443" /><testcase classname="tests.test_facility_portal.TestFacilityRequestCreate" name="test_explicit_pickup_address_used" time="1.457" /><testcase classname="tests.test_facility_portal.TestFacilityRequestCreate" name="test_invalid_category_422" time="0.117" /><testcase classname="tests.test_facility_portal.TestFacilityRequestCreate" name="test_invalid_flag_422" time="0.133" /><testcase classname="tests.test_facility_portal.TestFacilityRequestCreate" name="test_driver_forbidden_403" time="0.582" /><testcase classname="tests.test_facility_portal.TestFacilityRequestCreate" name="test_unauthenticated_401" time="0.106" /><testcase classname="tests.test_facility_portal.TestFacilityRequestCreate" name="test_facility_without_profile_400" time="0.960" /><testcase classname="tests.test_facility_portal.TestDriverMaskingAndAccept" name="test_masking_then_accept_reveals" time="1.943" /><testcase classname="tests.test_facility_portal.TestDriverMaskingAndAccept" name="test_decline_removes_from_queue" time="3.059" /><testcase classname="tests.test_permits_and_fix.TestPermitsPublic" name="test_get_permits_returns_seeded_six" time="0.123" /><testcase classname="tests.test_permits_and_fix.TestAdminPermitsCRUD" name="test_admin_list_permits" time="0.480" /><testcase classname="tests.test_permits_and_fix.TestAdminPermitsCRUD" name="test_driver_forbidden_admin_permits" time="0.510" /><testcase classname="tests.test_permits_and_fix.TestAdminPermitsCRUD" name="test_full_crud_flow" time="59.687" /><testcase classname="tests.test_permits_and_fix.TestCancelJobOrderFix" name="test_cancel_open_job_returns_400" time="0.390" /><testcase classname="tests.test_permits_and_fix.TestRegression" name="test_admin_stats_commission_shape" time="0.145" /><testcase classname="tests.test_permits_and_fix.TestRegression" name="test_driver_balance" time="0.110" /><testcase classname="tests.test_permits_and_fix.TestRegression" name="test_admin_ledger" time="0.125" /><testcase classname="tests.test_permits_and_fix.TestRegression" name="test_driver_no_admin_access" time="0.755" /><testcase classname="tests.test_permits_and_fix.TestRegression" name="test_admin_login_auto_promote" time="0.339" /><testcase classname="tests.test_rbac_marketplace.TestRolesFromLogin" name="test_admin_role" time="1.355" /><testcase classname="tests.test_rbac_marketplace.TestRolesFromLogin" name="test_driver_role" time="0.000" /><testcase classname="tests.test_rbac_marketplace.TestRolesFromLogin" name="test_facility_role" time="0.000" /><testcase classname="tests.test_rbac_marketplace.TestRolesFromLogin" name="test_dispatcher_role" time="0.000" /><testcase classname="tests.test_rbac_marketplace.TestJobCreationRBAC" name="test_driver_cannot_post" time="0.124" /><testcase classname="tests.test_rbac_marketplace.TestJobCreationRBAC" name="test_staff_and_facility_can_post[facility]" time="0.253" /><testcase classname="tests.test_rbac_marketplace.TestJobCreationRBAC" name="test_staff_and_facility_can_post[dispatcher]" time="0.254" /><testcase classname="tests.test_rbac_marketplace.TestJobCreationRBAC" name="test_staff_and_facility_can_post[admin]" time="0.247" /><testcase classname="tests.test_rbac_marketplace.TestJobListScoping" name="test_driver_sees_open_only_and_no_posted_by" time="0.439" /><testcase classname="tests.test_rbac_marketplace.TestJobListScoping" name="test_admin_sees_all" time="0.125" /><testcase classname="tests.test_rbac_marketplace.TestJobListScoping" name="test_dispatcher_sees_all" time="0.150" /><testcase classname="tests.test_rbac_marketplace.TestJobListScoping" name="test_facility_sees_only_own" time="0.380" /><testcase classname="tests.test_rbac_marketplace.TestDriverVerification" name="test_unverified_driver_403_on_accept" time="0.574" /><testcase classname="tests.test_rbac_marketplace.TestDriverVerification" name="test_verified_driver_can_accept_and_complete" time="0.494" /><testcase classname="tests.test_rbac_marketplace.TestJobUpdateRBAC" name="test_put_assign_unverified_driver_returns_400" time="0.372" /><testcase classname="tests.test_rbac_marketplace.TestJobUpdateRBAC" name="test_put_assign_verified_driver_syncs_accepted_by" time="0.417"><failure message="AssertionError: assert None == '6a3181fa-c14b-4acd-be07-3fccf6b56600'&#10; +  where None = &lt;built-in method get of dict object at 0xffa920602900&gt;('accepted_by')&#10; +    where &lt;built-in method get of dict object at 0xffa920602900&gt; = {'accepted_at': None, 'accepted_by': None, 'assigned_driver_id': '6a3181fa-c14b-4acd-be07-3fccf6b56600', 'completed_at': None, ...}.get&#10; +      where {'accepted_at': None, 'accepted_by': None, 'assigned_driver_id': '6a3181fa-c14b-4acd-be07-3fccf6b56600', 'completed_at': None, ...} = json()&#10; +        where json = &lt;Response [200]&gt;.json">self = &lt;test_rbac_marketplace.TestJobUpdateRBAC object at 0xffa921946910&gt;
tokens = {'admin': {'access_token': 'eyJhbGciOiJIUzI1NiIsInR5cCI6IkpXVCJ9.eyJ1c2VyX2lkIjoiMzUxZTZmOGYtM2YyMy00Y2M5LTkzYWItZDdmZ...0:00', 'email': 'facility1@test.com', 'full_name': 'Facility One', 'id': '1b5da4c8-4d45-4c22-870c-f79540b63fa8', ...}}}

    def test_put_assign_verified_driver_syncs_accepted_by(self, tokens):
        admin_tok = tokens["admin"]["access_token"]
        drv_id = tokens["driver"]["user"]["id"]
        payload = {"title": f"TEST_PUT2_{uuid.uuid4().hex[:6]}", "pickup_address": "P",
                   "delivery_address": "D", "goods_type": "medical_supplies",
                   "urgency": "standard", "estimated_distance_km": 5, "offered_price": 25}
        cr = requests.post(f"{API}/jobs", json=payload, headers=_hdr(admin_tok))
        jid = cr.json()["id"]
        try:
            ur = requests.put(f"{API}/jobs/{jid}",
                              json={"assigned_driver_id": drv_id},
                              headers=_hdr(admin_tok))
            assert ur.status_code == 200, ur.text
            assert ur.json().get("assigned_driver_id") == drv_id
&gt;           assert ur.json().get("accepted_by") == drv_id
E           AssertionError: assert None == '6a3181fa-c14b-4acd-be07-3fccf6b56600'
E            +  where None = &lt;built-in method get of dict object at 0xffa920602900&gt;('accepted_by')
E            +    where &lt;built-in method get of dict object at 0xffa920602900&gt; = {'accepted_at': None, 'accepted_by': None, 'assigned_driver_id': '6a3181fa-c14b-4acd-be07-3fccf6b56600', 'completed_at': None, ...}.get
E            +      where {'accepted_at': None, 'accepted_by': None, 'assigned_driver_id': '6a3181fa-c14b-4acd-be07-3fccf6b56600', 'completed_at': None, ...} = json()
E            +        where json = &lt;Response [200]&gt;.json

tests/test_rbac_marketplace.py:258: AssertionError</failure></testcase><testcase classname="tests.test_rbac_marketplace.TestJobUpdateRBAC" name="test_put_offered_without_driver_returns_400" time="0.402" /><testcase classname="tests.test_rbac_marketplace.TestJobUpdateRBAC" name="test_driver_put_only_status" time="0.604" /><testcase classname="tests.test_rbac_marketplace.TestAuditLogs" name="test_driver_forbidden" time="0.126" /><testcase classname="tests.test_rbac_marketplace.TestAuditLogs" name="test_facility_forbidden" time="0.118" /><testcase classname="tests.test_rbac_marketplace.TestAuditLogs" name="test_dispatcher_allowed" time="0.135" /><testcase classname="tests.test_rbac_marketplace.TestAuditLogs" name="test_create_writes_audit" time="0.687" /><testcase classname="tests.test_rbac_marketplace.TestFacilitiesRBAC" name="test_driver_no_billing_email" time="0.271" /><testcase classname="tests.test_rbac_marketplace.TestFacilitiesRBAC" name="test_facility_sees_own_with_billing" time="0.119" /><testcase classname="tests.test_rbac_marketplace.TestFacilitiesRBAC" name="test_admin_sees_all_with_billing" time="0.121" /><testcase classname="tests.test_rbac_marketplace.TestFacilitiesRBAC" name="test_dispatcher_sees_billing" time="0.268" /><testcase classname="tests.test_rbac_marketplace.TestDriversListRBAC" name="test_dispatcher_200" time="0.125" /><testcase classname="tests.test_rbac_marketplace.TestDriversListRBAC" name="test_admin_200" time="0.136" /><testcase classname="tests.test_rbac_marketplace.TestDriversListRBAC" name="test_driver_403" time="0.120" /><testcase classname="tests.test_rbac_marketplace.TestDriversListRBAC" name="test_facility_403" time="0.898" /><testcase classname="tests.test_reviews.TestReviewInfo" name="test_info_unknown_job_404" time="0.126" /><testcase classname="tests.test_reviews.TestReviewInfo" name="test_info_non_completed_400" time="0.420" /><testcase classname="tests.test_reviews.TestReviewInfo" name="test_info_completed_returns_shape" time="1.018" /><testcase classname="tests.test_reviews.TestSubmitReview" name="test_rating_below_1_returns_422" time="0.074" /><testcase classname="tests.test_reviews.TestSubmitReview" name="test_rating_above_5_returns_422" time="0.063" /><testcase classname="tests.test_reviews.TestSubmitReview" name="test_unknown_job_404" time="0.070" /><testcase classname="tests.test_reviews.TestSubmitReview" name="test_non_completed_job_400" time="0.070" /><testcase classname="tests.test_reviews.TestSubmitReview" name="test_submit_success_and_shape" time="0.197" /><testcase classname="tests.test_reviews.TestSubmitReview" name="test_duplicate_review_returns_400" time="0.076" /><testcase classname="tests.test_reviews.TestPublicDriverReviews" name="test_list_reviews_and_summary" time="0.147" /><testcase classname="tests.test_reviews.TestDriverReviewsAuth" name="test_driver_reviews_requires_auth" time="0.081" /><testcase classname="tests.test_reviews.TestDriverReviewsAuth" name="test_driver_reviews_returns_own" time="0.072" /><testcase classname="tests.test_reviews.TestAdminReviews" name="test_admin_reviews_requires_admin" time="0.072" /><testcase classname="tests.test_reviews.TestAdminReviews" name="test_admin_reviews_lists_all" time="0.065" /><testcase classname="tests.test_reviews.TestAdminReviews" name="test_hide_review_excludes_from_public_and_recomputes_summary" time="0.358" /><testcase classname="tests.test_reviews.TestAdminReviews" name="test_hide_unknown_returns_404" time="0.062" /><testcase classname="tests.test_reviews.TestAdminReviews" name="test_delete_rbac_driver_forbidden" time="0.071" /><testcase classname="tests.test_reviews.TestAdminReviews" name="test_delete_unknown_404" time="0.069" /><testcase classname="tests.test_reviews.TestAdminReviews" name="test_delete_removes_review" time="0.194" /><testcase classname="tests.test_reviews.TestRegression" name="test_admin_stats_200" time="0.074" /><testcase classname="tests.test_reviews.TestRegression" name="test_driver_balance_200" time="0.077" /><testcase classname="tests.test_reviews.TestRegression" name="test_permits_list_200" time="0.071" /><testcase classname="tests.test_reviews.TestRegression" name="test_driver_tips_200" time="0.077" /><testcase classname="tests.test_stripe_connect.TestRBAC" name="test_status_requires_auth" time="0.147" /><testcase classname="tests.test_stripe_connect.TestRBAC" name="test_onboard_requires_auth" time="0.132" /><testcase classname="tests.test_stripe_connect.TestRBAC" name="test_login_link_requires_auth" time="0.115" /><testcase classname="tests.test_stripe_connect.TestConnectStatus" name="test_status_empty_before_onboard" time="0.484" /><testcase classname="tests.test_stripe_connect.TestConnectOnboard" name="test_login_link_400_before_onboard" time="0.130" /><testcase classname="tests.test_stripe_connect.TestConnectOnboard" name="test_onboard_creates_account_and_returns_stripe_url" time="3.451" /><testcase classname="tests.test_stripe_connect.TestConnectOnboard" name="test_onboard_reuses_existing_account" time="0.476" /><testcase classname="tests.test_stripe_connect.TestConnectOnboard" name="test_status_after_onboard" time="0.666" /><testcase classname="tests.test_stripe_connect.TestConnectOnboard" name="test_login_link_success_after_onboard" time="0.607" /><testcase classname="tests.test_stripe_connect.TestTipConnectRouting" name="test_tip_fallback_when_charges_disabled" time="1.159" /><testcase classname="tests.test_stripe_connect.TestTipConnectRouting" name="test_tip_connect_route_with_fake_account_returns_400" time="0.317" /><testcase classname="tests.test_stripe_connect.TestTipConnectRouting" name="test_tip_fallback_when_no_connect_account" time="0.400" /><testcase classname="tests.test_stripe_connect.TestRegression" name="test_admin_stats" time="0.141" /><testcase classname="tests.test_stripe_connect.TestRegression" name="test_balance_checkout" time="0.135" /><testcase classname="tests.test_stripe_connect.TestRegression" name="test_permits_list" time="0.124" /><testcase classname="tests.test_stripe_connect.TestRegression" name="test_driver_tips_shape" time="0.375" /><testcase classname="tests.test_tip_flow.TestTipInfo" name="test_info_unknown_job_returns_404" time="0.125" /><testcase classname="tests.test_tip_flow.TestTipInfo" name="test_info_non_completed_returns_400" time="0.439" /><testcase classname="tests.test_tip_flow.TestTipInfo" name="test_info_completed_returns_presets_and_driver" time="0.584" /><testcase classname="tests.test_tip_flow.TestTipCheckoutValidation" name="test_checkout_zero_amount_400" time="0.068" /><testcase classname="tests.test_tip_flow.TestTipCheckoutValidation" name="test_checkout_negative_amount_400" time="0.076" /><testcase classname="tests.test_tip_flow.TestTipCheckoutValidation" name="test_checkout_above_max_400" time="0.068" /><testcase classname="tests.test_tip_flow.TestTipCheckoutValidation" name="test_checkout_unknown_job_404" time="0.071" /><testcase classname="tests.test_tip_flow.TestTipCheckoutValidation" name="test_checkout_non_completed_job_400" time="0.144" /><testcase classname="tests.test_tip_flow.TestTipCheckoutAndSettle" name="test_checkout_creates_session_and_payment_transaction" time="0.419" /><testcase classname="tests.test_tip_flow.TestTipCheckoutAndSettle" name="test_paid_tip_credits_earnings_and_is_idempotent" time="0.311" /><testcase classname="tests.test_tip_flow.TestTipCheckoutAndSettle" name="test_driver_tips_endpoint_reflects_total" time="0.074" /><testcase classname="tests.test_tip_flow.TestTipCheckoutAndSettle" name="test_driver_tips_requires_auth" time="0.079" /><testcase classname="tests.test_tip_flow.TestCommissionRegression" name="test_balance_settle_still_marks_ledger_paid" time="0.013" /></testsuite></testsuites>