<?xml version="1.0" encoding="utf-8"?><testsuites name="pytest tests"><testsuite name="pytest" errors="0" failures="0" skipped="0" tests="20" time="13.768" timestamp="2026-08-19T12:39:39.683860+00:00" hostname="agent-env-09539d6d-3ad6-46a4-ba0f-fac153d53ada"><testcase classname="backend.tests.test_facility_management.TestAdminFacilitiesList" name="test_admin_can_list_with_enrichment" time="0.634" /><testcase classname="backend.tests.test_facility_management.TestAdminFacilitiesList" name="test_dispatcher_allowed" time="0.482" /><testcase classname="backend.tests.test_facility_management.TestAdminFacilitiesList" name="test_driver_forbidden" time="0.473" /><testcase classname="backend.tests.test_facility_management.TestAdminFacilitiesList" name="test_facility_forbidden" time="0.453" /><testcase classname="backend.tests.test_facility_management.TestAdminFacilitiesList" name="test_unauthenticated" time="0.126" /><testcase classname="backend.tests.test_facility_management.TestAdminFacilityUpdate" name="test_set_and_clear_terms" time="0.720" /><testcase classname="backend.tests.test_facility_management.TestAdminFacilityUpdate" name="test_validation_errors" time="0.415" /><testcase classname="backend.tests.test_facility_management.TestAdminFacilityUpdate" name="test_status_transitions_audited" time="0.518" /><testcase classname="backend.tests.test_facility_management.TestAdminFacilityUpdate" name="test_nonexistent_facility" time="0.122" /><testcase classname="backend.tests.test_facility_management.TestOwnerRBAC" name="test_owner_edit_ignores_admin_fields" time="0.397" /><testcase classname="backend.tests.test_facility_management.TestOwnerRBAC" name="test_driver_cannot_edit_facility" time="0.113" /><testcase classname="backend.tests.test_facility_management.TestSuspendBlocksBooking" name="test_suspend_then_book_blocked_then_reapprove" time="1.647" /><testcase classname="backend.tests.test_facility_management.TestSuspendBlocksBooking" name="test_inflight_job_can_advance_while_suspended" time="0.799" /><testcase classname="backend.tests.test_facility_management.TestPerDeliveryRatePricing" name="test_flat_rate_and_surcharges" time="0.943" /><testcase classname="backend.tests.test_facility_management.TestPerDeliveryRatePricing" name="test_clearing_rate_reverts_to_distance" time="0.373" /><testcase classname="backend.tests.test_facility_management.TestCommissionOverride" name="test_override_applied_to_ledger" time="1.858" /><testcase classname="backend.tests.test_facility_management.TestCommissionOverride" name="test_global_rate_when_no_override" time="2.065" /><testcase classname="backend.tests.test_facility_management.TestRegression" name="test_dispatch_board" time="0.137" /><testcase classname="backend.tests.test_facility_management.TestRegression" name="test_facility_deliveries" time="0.139" /><testcase classname="backend.tests.test_facility_management.TestRegression" name="test_admin_driver_verifications" time="1.252" /></testsuite></testsuites>