<?xml version="1.0" encoding="utf-8"?><testsuites name="pytest tests"><testsuite name="pytest" errors="0" failures="0" skipped="0" tests="18" time="10.398" timestamp="2026-08-19T09:07:49.082829+00:00" hostname="agent-env-09539d6d-3ad6-46a4-ba0f-fac153d53ada"><testcase classname="tests.test_driver_onboarding.TestOnboardingState" name="test_new_driver_onboarding_initial" time="0.802" /><testcase classname="tests.test_driver_onboarding.TestOnboardingState" name="test_auth_me_returns_verification_status" time="0.112" /><testcase classname="tests.test_driver_onboarding.TestOnboardingState" name="test_unverified_driver_cannot_accept_job" time="0.558" /><testcase classname="tests.test_driver_onboarding.TestOnboardingState" name="test_onboarding_forbidden_for_facility" time="0.107" /><testcase classname="tests.test_driver_onboarding.TestUploadValidation" name="test_invalid_doc_type_422" time="0.124" /><testcase classname="tests.test_driver_onboarding.TestUploadValidation" name="test_disallowed_mime_422" time="0.123" /><testcase classname="tests.test_driver_onboarding.TestUploadValidation" name="test_insurance_requires_expiry_422" time="0.108" /><testcase classname="tests.test_driver_onboarding.TestUploadValidation" name="test_upload_requires_driver_role" time="0.104" /><testcase classname="tests.test_driver_onboarding.TestLifecycle" name="test_upload_all_required_moves_to_pending_review" time="3.057" /><testcase classname="tests.test_driver_onboarding.TestLifecycle" name="test_file_roundtrip_owner_and_auth_query" time="1.599" /><testcase classname="tests.test_driver_onboarding.TestLifecycle" name="test_dispatcher_can_review_document" time="1.114" /><testcase classname="tests.test_driver_onboarding.TestLifecycle" name="test_review_invalid_status_422" time="0.222" /><testcase classname="tests.test_driver_onboarding.TestLifecycle" name="test_staff_endpoints_forbidden_for_driver_and_facility" time="0.845" /><testcase classname="tests.test_driver_onboarding.TestLifecycle" name="test_dispatcher_lists_verifications" time="0.118" /><testcase classname="tests.test_driver_onboarding.TestLifecycle" name="test_dispatcher_can_set_verification_and_driver_can_accept" time="0.649" /><testcase classname="tests.test_driver_onboarding.TestLifecycle" name="test_bad_verification_status_and_unknown_user" time="0.238" /><testcase classname="tests.test_driver_onboarding.TestAuditTrail" name="test_audit_entries_exist" time="0.217" /><testcase classname="tests.test_driver_onboarding.TestAuditTrail" name="test_audit_forbidden_for_driver" time="0.242" /></testsuite></testsuites>