<?xml version="1.0" encoding="utf-8"?><testsuites name="pytest tests"><testsuite name="pytest" errors="0" failures="0" skipped="0" tests="38" time="9.411" timestamp="2026-08-19T12:55:50.497332+00:00" hostname="agent-env-09539d6d-3ad6-46a4-ba0f-fac153d53ada"><testcase classname="tests.test_admin_billing.TestBillingRBAC" name="test_non_admin_forbidden[summary-dispatcher]" time="1.577" /><testcase classname="tests.test_admin_billing.TestBillingRBAC" name="test_non_admin_forbidden[summary-driver]" time="0.113" /><testcase classname="tests.test_admin_billing.TestBillingRBAC" name="test_non_admin_forbidden[summary-facility]" time="0.132" /><testcase classname="tests.test_admin_billing.TestBillingRBAC" name="test_non_admin_forbidden[invoices-dispatcher]" time="0.142" /><testcase classname="tests.test_admin_billing.TestBillingRBAC" name="test_non_admin_forbidden[invoices-driver]" time="0.110" /><testcase classname="tests.test_admin_billing.TestBillingRBAC" name="test_non_admin_forbidden[invoices-facility]" time="0.139" /><testcase classname="tests.test_admin_billing.TestBillingRBAC" name="test_non_admin_forbidden[driver-statements-dispatcher]" time="0.126" /><testcase classname="tests.test_admin_billing.TestBillingRBAC" name="test_non_admin_forbidden[driver-statements-driver]" time="0.100" /><testcase classname="tests.test_admin_billing.TestBillingRBAC" name="test_non_admin_forbidden[driver-statements-facility]" time="0.107" /><testcase classname="tests.test_admin_billing.TestBillingRBAC" name="test_unauthenticated" time="0.115" /><testcase classname="tests.test_admin_billing.TestBillingRBAC" name="test_export_non_admin_token" time="0.125" /><testcase classname="tests.test_admin_billing.TestBillingRBAC" name="test_invalid_month_422[2026-13-01]" time="0.155" /><testcase classname="tests.test_admin_billing.TestBillingRBAC" name="test_invalid_month_422[abcd]" time="0.115" /><testcase classname="tests.test_admin_billing.TestBillingRBAC" name="test_invalid_month_422[2026/08]" time="0.129" /><testcase classname="tests.test_admin_billing.TestBillingRBAC" name="test_invalid_month_422[26-08]" time="0.131" /><testcase classname="tests.test_admin_billing.TestBillingConsistency" name="test_summary_internal_consistency" time="0.129" /><testcase classname="tests.test_admin_billing.TestBillingConsistency" name="test_invoices_math" time="0.123" /><testcase classname="tests.test_admin_billing.TestBillingConsistency" name="test_statements_math" time="0.128" /><testcase classname="tests.test_admin_billing.TestBillingConsistency" name="test_summary_matches_invoices_and_statements" time="0.396" /><testcase classname="tests.test_admin_billing.TestBillingConsistency" name="test_driver1_has_cancellation_fee" time="0.126" /><testcase classname="tests.test_admin_billing.TestBillingConsistency" name="test_empty_month" time="0.343" /><testcase classname="tests.test_admin_billing.TestBillingE2E" name="test_default_rate_20pct" time="1.134" /><testcase classname="tests.test_admin_billing.TestBillingE2E" name="test_facility_override_10pct" time="0.873" /><testcase classname="tests.test_admin_billing.TestBillingCSV" name="test_csv[revenue]" time="0.125" /><testcase classname="tests.test_admin_billing.TestBillingCSV" name="test_csv[invoices]" time="0.134" /><testcase classname="tests.test_admin_billing.TestBillingCSV" name="test_csv[driver_statements]" time="0.171" /><testcase classname="tests.test_admin_billing.TestBillingCSV" name="test_csv[jobs]" time="0.147" /><testcase classname="tests.test_admin_billing.TestBillingCSV" name="test_jobs_csv_row_count_matches_summary" time="0.259" /><testcase classname="tests.test_admin_billing.TestBillingCSV" name="test_revenue_csv_totals" time="0.245" /><testcase classname="tests.test_admin_billing.TestBillingCSV" name="test_invoices_csv_matches_api" time="0.245" /><testcase classname="tests.test_admin_billing.TestBillingRegression" name="test_facility_billing_still_works" time="0.119" /><testcase classname="tests.test_admin_billing.TestBillingRegression" name="test_driver_earnings_still_works" time="0.111" /><testcase classname="tests.test_admin_billing.TestBillingRegression" name="test_admin_tabs_endpoints[admin/users]" time="0.139" /><testcase classname="tests.test_admin_billing.TestBillingRegression" name="test_admin_tabs_endpoints[admin/driver-verifications]" time="0.129" /><testcase classname="tests.test_admin_billing.TestBillingRegression" name="test_admin_tabs_endpoints[admin/facilities]" time="0.118" /><testcase classname="tests.test_admin_billing.TestBillingRegression" name="test_admin_tabs_endpoints[admin/jobs]" time="0.126" /><testcase classname="tests.test_admin_billing.TestBillingRegression" name="test_admin_tabs_endpoints[admin/ledger]" time="0.138" /><testcase classname="tests.test_admin_billing.TestBillingRegression" name="test_admin_tabs_endpoints[admin/stats]" time="0.518" /></testsuite></testsuites>