<?xml version="1.0" encoding="utf-8"?><testsuites name="pytest tests"><testsuite name="pytest" errors="0" failures="1" skipped="0" tests="37" time="54.716" timestamp="2026-08-19T13:35:17.965722+00:00" hostname="agent-env-09539d6d-3ad6-46a4-ba0f-fac153d53ada"><testcase classname="tests.test_admin_compliance.TestAuditSearch" name="test_rbac_driver_facility_forbidden" time="2.006" /><testcase classname="tests.test_admin_compliance.TestAuditSearch" name="test_unauthenticated" time="0.158" /><testcase classname="tests.test_admin_compliance.TestAuditSearch" name="test_enrichment_fields" time="0.153" /><testcase classname="tests.test_admin_compliance.TestAuditSearch" name="test_q_matches_actor_email" time="0.143" /><testcase classname="tests.test_admin_compliance.TestAuditSearch" name="test_q_plus_action_combined" time="0.186" /><testcase classname="tests.test_admin_compliance.TestAuditSearch" name="test_action_filter" time="0.139" /><testcase classname="tests.test_admin_compliance.TestAuditSearch" name="test_entity_filter" time="0.140" /><testcase classname="tests.test_admin_compliance.TestAuditSearch" name="test_date_range_inclusive" time="0.148" /><testcase classname="tests.test_admin_compliance.TestAuditSearch" name="test_date_range_excludes_future" time="0.129" /><testcase classname="tests.test_admin_compliance.TestViewLogging" name="test_job_view_logged_and_deduped" time="0.500"><failure message="AssertionError: expected 1 view log, got 2&#10;assert 2 == 1&#10; +  where 2 = len([{'action': 'view', 'actor_email': 'dispatcher1@test.com', 'actor_id': 'd79484a6-0b90-40da-adf6-b69d8dc800a2', 'actor_...ail': 'dispatcher1@test.com', 'actor_id': 'd79484a6-0b90-40da-adf6-b69d8dc800a2', 'actor_name': 'Dispatcher One', ...}])">self = &lt;test_admin_compliance.TestViewLogging object at 0xf91a24477cd0&gt;
tokens = {'admin': 'eyJhbGciOiJIUzI1NiIsInR5cCI6IkpXVCJ9.eyJ1c2VyX2lkIjoiMzUxZTZmOGYtM2YyMy00Y2M5LTkzYWItZDdmZWI3ZjgxMWFhIiwiZW...wYjYzZmE4IiwiZW1haWwiOiJmYWNpbGl0eTFAdGVzdC5jb20iLCJleHAiOjE3ODcyMzI5MTh9.rwBpnWI4si51x_-72AoTPNvCux-GYaBzN1agjPrJwec'}
created_jobs = ['eda2721d-c29c-4e66-9268-0bbed4a2765d']

    def test_job_view_logged_and_deduped(self, tokens, created_jobs):
        jid = create_job(tokens, created_jobs, "TEST_compliance_viewlog")
        dh = hdr(tokens["dispatcher"])
        a = hdr(tokens["admin"])
    
        r = requests.get(f"{API}/jobs/{jid}", headers=dh, timeout=30)
        assert r.status_code == 200, r.text
        logs = requests.get(f"{API}/audit-logs", params={"entity": "job", "entity_id": jid, "action": "view"},
                            headers=a, timeout=30).json()["logs"]
&gt;       assert len(logs) == 1, f"expected 1 view log, got {len(logs)}"
E       AssertionError: expected 1 view log, got 2
E       assert 2 == 1
E        +  where 2 = len([{'action': 'view', 'actor_email': 'dispatcher1@test.com', 'actor_id': 'd79484a6-0b90-40da-adf6-b69d8dc800a2', 'actor_...ail': 'dispatcher1@test.com', 'actor_id': 'd79484a6-0b90-40da-adf6-b69d8dc800a2', 'actor_name': 'Dispatcher One', ...}])

tests/test_admin_compliance.py:247: AssertionError</failure></testcase><testcase classname="tests.test_admin_compliance.TestViewLogging" name="test_custody_events_view_logged_and_deduped" time="0.634" /><testcase classname="tests.test_admin_compliance.TestViewLogging" name="test_view_logging_does_not_break_driver_job_get" time="0.259" /><testcase classname="tests.test_admin_compliance.TestMissingPod" name="test_rbac" time="0.548" /><testcase classname="tests.test_admin_compliance.TestMissingPod" name="test_delivered_without_event_appears" time="0.872" /><testcase classname="tests.test_admin_compliance.TestMissingPod" name="test_job_with_full_pod_not_listed" time="0.636" /><testcase classname="tests.test_admin_compliance.TestCredentialAlerts" name="test_rbac" time="0.277" /><testcase classname="tests.test_admin_compliance.TestCredentialAlerts" name="test_expired_then_expiring_then_clear" time="1.064" /><testcase classname="tests.test_admin_compliance.TestRetention" name="test_rbac_non_admin" time="0.799" /><testcase classname="tests.test_admin_compliance.TestRetention" name="test_get_default" time="0.151" /><testcase classname="tests.test_admin_compliance.TestRetention" name="test_validation_bounds" time="0.540" /><testcase classname="tests.test_admin_compliance.TestRetention" name="test_update_writes_audit" time="0.847" /><testcase classname="tests.test_admin_compliance.TestRetention" name="test_purge_runs_and_audits" time="0.487" /><testcase classname="tests.test_admin_compliance.TestRetention" name="test_old_job_redacted_recent_job_untouched" time="1.974" /><testcase classname="tests.test_admin_compliance.TestCustodyPdf" name="test_pdf_for_admin_and_dispatcher" time="0.444" /><testcase classname="tests.test_admin_compliance.TestCustodyPdf" name="test_pdf_bearer_header_also_works" time="0.145" /><testcase classname="tests.test_admin_compliance.TestCustodyPdf" name="test_pdf_forbidden_for_driver_facility" time="0.289" /><testcase classname="tests.test_admin_compliance.TestCustodyPdf" name="test_pdf_bad_token_and_bogus_job" time="0.273" /><testcase classname="tests.test_admin_compliance.TestCustodyPdf" name="test_export_audited" time="0.248" /><testcase classname="tests.test_admin_compliance.TestBreachReport" name="test_rbac_admin_only" time="0.445" /><testcase classname="tests.test_admin_compliance.TestBreachReport" name="test_missing_params" time="0.170" /><testcase classname="tests.test_admin_compliance.TestBreachReport" name="test_bad_date_format" time="0.143" /><testcase classname="tests.test_admin_compliance.TestBreachReport" name="test_summary_consistency" time="36.072" /><testcase classname="tests.test_admin_compliance.TestBreachReport" name="test_csv_export_and_audit" time="0.523" /><testcase classname="tests.test_admin_compliance.TestBreachReport" name="test_empty_range" time="0.120" /><testcase classname="tests.test_admin_compliance.TestRegression" name="test_staff_dashboards_load" time="0.935" /><testcase classname="tests.test_admin_compliance.TestRegression" name="test_driver_active_delivery_and_available" time="0.297" /><testcase classname="tests.test_admin_compliance.TestRegression" name="test_revenue_tab_endpoints" time="1.729" /></testsuite></testsuites>