<?xml version="1.0" encoding="utf-8"?><testsuites name="pytest tests"><testsuite name="pytest" errors="0" failures="2" skipped="0" tests="23" time="30.729" timestamp="2026-08-19T14:09:37.599501+00:00" hostname="agent-env-09539d6d-3ad6-46a4-ba0f-fac153d53ada"><testcase classname="tests.test_notifications_sms.TestSmsFlowE2E" name="test_full_sms_flow" time="7.539" /><testcase classname="tests.test_notifications_sms.TestCaslNoConsent" name="test_no_sms_without_consent" time="2.383" /><testcase classname="tests.test_notifications_sms.TestOptOut" name="test_stop_webhook_and_blocked_send" time="1.810" /><testcase classname="tests.test_notifications_sms.TestOptOut" name="test_start_removes_optout" time="0.244" /><testcase classname="tests.test_notifications_sms.TestOptOut" name="test_admin_optout_add_remove" time="0.530" /><testcase classname="tests.test_notifications_sms.TestOptOut" name="test_admin_optout_invalid_inputs" time="0.263" /><testcase classname="tests.test_notifications_sms.TestOptOut" name="test_outbox_requires_staff" time="0.396" /><testcase classname="tests.test_notifications_sms.TestConfirmLink" name="test_get_info_no_auth" time="0.128" /><testcase classname="tests.test_notifications_sms.TestConfirmLink" name="test_bad_token_404" time="0.284" /><testcase classname="tests.test_notifications_sms.TestConfirmLink" name="test_confirm_with_rating" time="0.548" /><testcase classname="tests.test_notifications_sms.TestConfirmLink" name="test_second_confirm_no_duplicate" time="0.164" /><testcase classname="tests.test_notifications_sms.TestConfirmLink" name="test_facility_owner_notified_recipient_confirmed" time="0.124" /><testcase classname="tests.test_notifications_sms.TestNotificationsApi" name="test_requires_auth" time="0.146" /><testcase classname="tests.test_notifications_sms.TestNotificationsApi" name="test_own_items_only" time="0.411" /><testcase classname="tests.test_notifications_sms.TestNotificationsApi" name="test_facility_notified_on_lifecycle" time="0.115" /><testcase classname="tests.test_notifications_sms.TestNotificationsApi" name="test_mark_specific_and_all_read" time="0.765" /><testcase classname="tests.test_notifications_sms.TestNotificationsApi" name="test_mark_read_validation" time="0.170" /><testcase classname="tests.test_notifications_sms.TestNotificationsApi" name="test_driver_job_offer_notification" time="1.898" /><testcase classname="tests.test_notifications_sms.TestNotificationsApi" name="test_driver_job_offer_when_assigned_to_pool_job" time="1.678"><failure message="AssertionError: driver received no job_offer notification when assigned to an already-'offered' pool job&#10;assert False&#10; +  where False = any(&lt;generator object TestNotificationsApi.test_driver_job_offer_when_assigned_to_pool_job.&lt;locals&gt;.&lt;genexpr&gt; at 0xfaee9fcedd20&gt;)">tests/test_notifications_sms.py:377: in test_driver_job_offer_when_assigned_to_pool_job
    assert any(n.get("type") == "job_offer" and n.get("job_id") == job["id"] for n in notifs), \
E   AssertionError: driver received no job_offer notification when assigned to an already-'offered' pool job
E   assert False
E    +  where False = any(&lt;generator object TestNotificationsApi.test_driver_job_offer_when_assigned_to_pool_job.&lt;locals&gt;.&lt;genexpr&gt; at 0xfaee9fcedd20&gt;)</failure></testcase><testcase classname="tests.test_notifications_sms.TestNotificationsApi" name="test_returned_event_notifies_dispatchers" time="6.105"><failure message="AssertionError: notification(s) without title/body will render blank in the bell: [{'id': '866f68bb-8389-41a9-9e0b-9191d57490dd', 'user_id': 'd79484a6-0b90-40da-adf6-b69d8dc800a2', 'type': 'job_returned', 'job_id': '8c8af08f-734b-4bdd-889f-c113fb81413e', 'message': 'Delivery could not be completed — the driver is returning the item to the pickup facility.', 'read': False, 'created_at': '2026-08-19T14:10:02.255857+00:00'}]&#10;assert not [{'created_at': '2026-08-19T14:10:02.255857+00:00', 'id': '866f68bb-8389-41a9-9e0b-9191d57490dd', 'job_id': '8c8af08f-...81413e', 'message': 'Delivery could not be completed — the driver is returning the item to the pickup facility.', ...}]">tests/test_notifications_sms.py:401: in test_returned_event_notifies_dispatchers
    assert not blank, f"notification(s) without title/body will render blank in the bell: {blank}"
E   AssertionError: notification(s) without title/body will render blank in the bell: [{'id': '866f68bb-8389-41a9-9e0b-9191d57490dd', 'user_id': 'd79484a6-0b90-40da-adf6-b69d8dc800a2', 'type': 'job_returned', 'job_id': '8c8af08f-734b-4bdd-889f-c113fb81413e', 'message': 'Delivery could not be completed — the driver is returning the item to the pickup facility.', 'read': False, 'created_at': '2026-08-19T14:10:02.255857+00:00'}]
E   assert not [{'created_at': '2026-08-19T14:10:02.255857+00:00', 'id': '866f68bb-8389-41a9-9e0b-9191d57490dd', 'job_id': '8c8af08f-...81413e', 'message': 'Delivery could not be completed — the driver is returning the item to the pickup facility.', ...}]</failure></testcase><testcase classname="tests.test_notifications_sms.TestNotificationsApi" name="test_driver_cancel_notifies_dispatchers" time="1.768" /><testcase classname="tests.test_notifications_sms.TestNotificationsApi" name="test_staff_cancel_notifies_dispatchers" time="1.669" /><testcase classname="tests.test_notifications_sms.TestStaleSweep" name="test_stale_notifications_deduped" time="1.450" /></testsuite></testsuites>