<?xml version="1.0" encoding="utf-8"?><testsuites name="pytest tests"><testsuite name="pytest" errors="0" failures="0" skipped="0" tests="10" time="4.408" timestamp="2026-04-19T02:07:42.294197+00:00" hostname="agent-env-09539d6d-3ad6-46a4-ba0f-fac153d53ada"><testcase classname="backend.tests.test_permits_and_fix.TestPermitsPublic" name="test_get_permits_returns_seeded_six" time="0.258" /><testcase classname="backend.tests.test_permits_and_fix.TestAdminPermitsCRUD" name="test_admin_list_permits" time="0.513" /><testcase classname="backend.tests.test_permits_and_fix.TestAdminPermitsCRUD" name="test_driver_forbidden_admin_permits" time="0.478" /><testcase classname="backend.tests.test_permits_and_fix.TestAdminPermitsCRUD" name="test_full_crud_flow" time="1.242" /><testcase classname="backend.tests.test_permits_and_fix.TestCancelJobOrderFix" name="test_cancel_open_job_returns_400" time="0.395" /><testcase classname="backend.tests.test_permits_and_fix.TestRegression" name="test_admin_stats_commission_shape" time="0.110" /><testcase classname="backend.tests.test_permits_and_fix.TestRegression" name="test_driver_balance" time="0.110" /><testcase classname="backend.tests.test_permits_and_fix.TestRegression" name="test_admin_ledger" time="0.115" /><testcase classname="backend.tests.test_permits_and_fix.TestRegression" name="test_driver_no_admin_access" time="0.785" /><testcase classname="backend.tests.test_permits_and_fix.TestRegression" name="test_admin_login_auto_promote" time="0.342" /></testsuite></testsuites>