<?xml version="1.0" encoding="utf-8"?><testsuites name="pytest tests"><testsuite name="pytest" errors="0" failures="2" skipped="0" tests="169" time="154.993" timestamp="2026-08-19T11:12:39.494527+00:00" hostname="agent-env-09539d6d-3ad6-46a4-ba0f-fac153d53ada"><testcase classname="tests.test_active_delivery.TestPickupStage" name="test_pickup_requires_accepted_status" time="2.220" /><testcase classname="tests.test_active_delivery.TestPickupStage" name="test_pickup_checklist_missing_items" time="0.767" /><testcase classname="tests.test_active_delivery.TestPickupStage" name="test_cooler_not_required_for_non_cold_job" time="0.500" /><testcase classname="tests.test_active_delivery.TestPickupStage" name="test_temperature_controlled_requires_cooler" time="0.422" /><testcase classname="tests.test_active_delivery.TestPickupStage" name="test_double_pickup_confirm_rejected" time="0.476" /><testcase classname="tests.test_active_delivery.TestTransitStage" name="test_ping_requires_picked_up" time="0.415" /><testcase classname="tests.test_active_delivery.TestTransitStage" name="test_first_ping_flips_to_in_transit" time="0.873" /><testcase classname="tests.test_active_delivery.TestDeliveryEvidence" name="test_evidence_rbac_and_serve" time="2.945" /><testcase classname="tests.test_active_delivery.TestDeliveryEvidence" name="test_id_photo_kind" time="0.596" /><testcase classname="tests.test_active_delivery.TestDeliveredStage" name="test_delivered_validations_and_settlement" time="3.176" /><testcase classname="tests.test_active_delivery.TestDeliveredStage" name="test_no_events_after_delivered" time="1.282" /><testcase classname="tests.test_active_delivery.TestReturnFlow" name="test_return_requires_attempt_and_notifies" time="1.872" /><testcase classname="tests.test_active_delivery.TestReturnFlow" name="test_delivery_attempted_requires_active_delivery" time="0.463" /><testcase classname="tests.test_active_delivery.TestLegacyComplete" name="test_complete_from_accepted_settles" time="0.486" /><testcase classname="tests.test_active_delivery.TestLegacyComplete" name="test_complete_from_in_transit" time="0.625" /><testcase classname="tests.test_active_delivery.TestCustodyRbac" name="test_facility_cannot_create_custody_event" time="0.382" /><testcase classname="tests.test_active_delivery.TestCustodyRbac" name="test_invalid_event_type_and_missing_job" time="0.504" /><testcase classname="tests.test_active_delivery.TestCustodyRbac" name="test_unauthenticated_blocked" time="2.429" /><testcase classname="tests.test_auth_hardening" name="test_bcrypt_hash_format" time="0.005" /><testcase classname="tests.test_auth_hardening" name="test_login_rejects_wrong_password_401" time="0.339" /><testcase classname="tests.test_auth_hardening" name="test_brute_force_lockout_after_5_failures" time="2.392"><failure message="AssertionError: no lockout implemented; codes=[401, 401, 401, 401, 401, 401], valid-login-after=200&#10;assert (423 in [401, 401, 401, 401, 401, 401] or 429 in [401, 401, 401, 401, 401, 401])">def test_brute_force_lockout_after_5_failures():
        codes = []
        for _ in range(6):
            r = requests.post(f"{API}/auth/login", json={"email": "facility1@test.com", "password": "wrongpass"}, timeout=30)
            codes.append(r.status_code)
        # valid password must still work if no lockout implemented
        ok = requests.post(f"{API}/auth/login", json={"email": "facility1@test.com", "password": "Facility@123"}, timeout=30)
&gt;       assert 423 in codes or 429 in codes, f"no lockout implemented; codes={codes}, valid-login-after={ok.status_code}"
E       AssertionError: no lockout implemented; codes=[401, 401, 401, 401, 401, 401], valid-login-after=200
E       assert (423 in [401, 401, 401, 401, 401, 401] or 429 in [401, 401, 401, 401, 401, 401])

tests/test_auth_hardening.py:35: AssertionError</failure></testcase><testcase classname="tests.test_commission_pivot.TestSubscriptionRemoved" name="test_subscriptions_plans_gone" time="0.121" /><testcase classname="tests.test_commission_pivot.TestSubscriptionRemoved" name="test_admin_plans_gone" time="0.452" /><testcase classname="tests.test_commission_pivot.TestSubscriptionRemoved" name="test_payments_checkout_with_plan_gone" time="0.469" /><testcase classname="tests.test_commission_pivot.TestFeeAgreement" name="test_public_fee_agreement" time="0.142" /><testcase classname="tests.test_commission_pivot.TestFeeAgreement" name="test_admin_update_fees_roundtrip" time="0.254" /><testcase classname="tests.test_commission_pivot.TestCommissionFlow" name="test_driver_accept_complete_creates_commission" time="0.624" /><testcase classname="tests.test_commission_pivot.TestCommissionFlow" name="test_cancel_within_grace_no_charge" time="0.483" /><testcase classname="tests.test_commission_pivot.TestCommissionFlow" name="test_cancel_after_grace_charges_fee" time="0.389" /><testcase classname="tests.test_commission_pivot.TestCommissionFlow" name="test_cancel_403_if_not_assigned" time="0.845" /><testcase classname="tests.test_commission_pivot.TestCommissionFlow" name="test_cancel_400_if_not_in_progress" time="0.219" /><testcase classname="tests.test_commission_pivot.TestBalanceCheckout" name="test_checkout_400_when_no_balance" time="0.531" /><testcase classname="tests.test_commission_pivot.TestBalanceCheckout" name="test_checkout_with_balance_returns_url" time="0.527" /><testcase classname="tests.test_commission_pivot.TestAdminEndpoints" name="test_admin_stats_new_shape" time="0.114" /><testcase classname="tests.test_commission_pivot.TestAdminEndpoints" name="test_admin_ledger_lists_entries" time="0.131" /><testcase classname="tests.test_commission_pivot.TestAdminEndpoints" name="test_admin_users_no_subscription_fields" time="0.150" /><testcase classname="tests.test_commission_pivot.TestAdminEndpoints" name="test_rbac_driver_blocked_on_admin" time="0.745" /><testcase classname="tests.test_driver_available_jobs.TestAvailableMasking" name="test_available_shape_and_masking" time="32.013" /><testcase classname="tests.test_driver_available_jobs.TestAvailableMasking" name="test_only_open_or_offered_to_me" time="0.706" /><testcase classname="tests.test_driver_available_jobs.TestColdChainEligibility" name="test_cold_chain_hidden_when_not_certified" time="0.767" /><testcase classname="tests.test_driver_available_jobs.TestAccept" name="test_accept_sets_accepted_and_reveals_addresses" time="0.808" /><testcase classname="tests.test_driver_available_jobs.TestAccept" name="test_complete_from_accepted" time="0.502" /><testcase classname="tests.test_driver_available_jobs.TestDecline" name="test_decline_open_job_hides_only_for_that_driver" time="1.014" /><testcase classname="tests.test_driver_available_jobs.TestDecline" name="test_decline_offered_reverts_to_open" time="0.609" /><testcase classname="tests.test_driver_available_jobs.TestDecline" name="test_accept_offered_to_me" time="0.467" /><testcase classname="tests.test_driver_available_jobs.TestDecline" name="test_decline_accepted_job_400" time="0.516" /><testcase classname="tests.test_driver_available_jobs.TestDecline" name="test_decline_rbac" time="0.505" /><testcase classname="tests.test_driver_available_jobs.TestDecline" name="test_decline_unknown_job_404" time="0.138" /><testcase classname="tests.test_driver_available_jobs.TestLegacyStatus" name="test_legacy_in_progress_can_complete" time="2.121" /><testcase classname="tests.test_driver_onboarding.TestOnboardingState" name="test_new_driver_onboarding_initial" time="0.824" /><testcase classname="tests.test_driver_onboarding.TestOnboardingState" name="test_auth_me_returns_verification_status" time="0.124" /><testcase classname="tests.test_driver_onboarding.TestOnboardingState" name="test_unverified_driver_cannot_accept_job" time="0.586" /><testcase classname="tests.test_driver_onboarding.TestOnboardingState" name="test_onboarding_forbidden_for_facility" time="0.143" /><testcase classname="tests.test_driver_onboarding.TestUploadValidation" name="test_invalid_doc_type_422" time="0.128" /><testcase classname="tests.test_driver_onboarding.TestUploadValidation" name="test_disallowed_mime_422" time="36.243" /><testcase classname="tests.test_driver_onboarding.TestUploadValidation" name="test_insurance_requires_expiry_422" time="0.157" /><testcase classname="tests.test_driver_onboarding.TestUploadValidation" name="test_upload_requires_driver_role" time="0.135" /><testcase classname="tests.test_driver_onboarding.TestLifecycle" name="test_upload_all_required_moves_to_pending_review" time="2.140" /><testcase classname="tests.test_driver_onboarding.TestLifecycle" name="test_file_roundtrip_owner_and_auth_query" time="1.578" /><testcase classname="tests.test_driver_onboarding.TestLifecycle" name="test_dispatcher_can_review_document" time="1.117" /><testcase classname="tests.test_driver_onboarding.TestLifecycle" name="test_review_invalid_status_422" time="0.263" /><testcase classname="tests.test_driver_onboarding.TestLifecycle" name="test_staff_endpoints_forbidden_for_driver_and_facility" time="0.871" /><testcase classname="tests.test_driver_onboarding.TestLifecycle" name="test_dispatcher_lists_verifications" time="0.124" /><testcase classname="tests.test_driver_onboarding.TestLifecycle" name="test_dispatcher_can_set_verification_and_driver_can_accept" time="0.622" /><testcase classname="tests.test_driver_onboarding.TestLifecycle" name="test_bad_verification_status_and_unknown_user" time="0.315" /><testcase classname="tests.test_driver_onboarding.TestAuditTrail" name="test_audit_entries_exist" time="0.316" /><testcase classname="tests.test_driver_onboarding.TestAuditTrail" name="test_audit_forbidden_for_driver" time="0.492" /><testcase classname="tests.test_facility_portal.TestFacilityRequestCreate" name="test_create_defaults_and_payout" time="0.988" /><testcase classname="tests.test_facility_portal.TestFacilityRequestCreate" name="test_create_no_flags_min_fee" time="1.495" /><testcase classname="tests.test_facility_portal.TestFacilityRequestCreate" name="test_explicit_pickup_address_used" time="1.444" /><testcase classname="tests.test_facility_portal.TestFacilityRequestCreate" name="test_invalid_category_422" time="0.121" /><testcase classname="tests.test_facility_portal.TestFacilityRequestCreate" name="test_invalid_flag_422" time="0.111" /><testcase classname="tests.test_facility_portal.TestFacilityRequestCreate" name="test_driver_forbidden_403" time="0.463" /><testcase classname="tests.test_facility_portal.TestFacilityRequestCreate" name="test_unauthenticated_401" time="0.150" /><testcase classname="tests.test_facility_portal.TestFacilityRequestCreate" name="test_facility_without_profile_400" time="0.969" /><testcase classname="tests.test_facility_portal.TestDriverMaskingAndAccept" name="test_masking_then_accept_reveals" time="1.869" /><testcase classname="tests.test_facility_portal.TestDriverMaskingAndAccept" name="test_decline_removes_from_queue" time="2.995" /><testcase classname="tests.test_permits_and_fix.TestPermitsPublic" name="test_get_permits_returns_seeded_six" time="0.146" /><testcase classname="tests.test_permits_and_fix.TestAdminPermitsCRUD" name="test_admin_list_permits" time="0.453" /><testcase classname="tests.test_permits_and_fix.TestAdminPermitsCRUD" name="test_driver_forbidden_admin_permits" time="0.442" /><testcase classname="tests.test_permits_and_fix.TestAdminPermitsCRUD" name="test_full_crud_flow" time="1.172" /><testcase classname="tests.test_permits_and_fix.TestCancelJobOrderFix" name="test_cancel_open_job_returns_400" time="0.357"><failure message="AssertionError: assert ('active' in 'this job can no longer be cancelled — after pickup the item must be delivered or returned to the facility' or 'open' in 'this job can no longer be cancelled — after pickup the item must be delivered or returned to the facility')&#10; +  where 'this job can no longer be cancelled — after pickup the item must be delivered or returned to the facility' = &lt;built-in method lower of str object at 0xf814089acdb0&gt;()&#10; +    where &lt;built-in method lower of str object at 0xf814089acdb0&gt; = 'This job can no longer be cancelled — after pickup the item must be delivered or returned to the facility'.lower&#10; +      where 'This job can no longer be cancelled — after pickup the item must be delivered or returned to the facility' = &lt;built-in method get of dict object at 0xf814087010c0&gt;('detail', '')&#10; +        where &lt;built-in method get of dict object at 0xf814087010c0&gt; = {'detail': 'This job can no longer be cancelled — after pickup the item must be delivered or returned to the facility'}.get&#10; +          where {'detail': 'This job can no longer be cancelled — after pickup the item must be delivered or returned to the facility'} = json()&#10; +            where json = &lt;Response [400]&gt;.json&#10; +  and   'this job can no longer be cancelled — after pickup the item must be delivered or returned to the facility' = &lt;built-in method lower of str object at 0xf814089ad6b0&gt;()&#10; +    where &lt;built-in method lower of str object at 0xf814089ad6b0&gt; = 'This job can no longer be cancelled — after pickup the item must be delivered or returned to the facility'.lower&#10; +      where 'This job can no longer be cancelled — after pickup the item must be delivered or returned to the facility' = &lt;built-in method get of dict object at 0xf814087a1880&gt;('detail', '')&#10; +        where &lt;built-in method get of dict object at 0xf814087a1880&gt; = {'detail': 'This job can no longer be cancelled — after pickup the item must be delivered or returned to the facility'}.get&#10; +          where {'detail': 'This job can no longer be cancelled — after pickup the item must be delivered or returned to the facility'} = json()&#10; +            where json = &lt;Response [400]&gt;.json">self = &lt;test_permits_and_fix.TestCancelJobOrderFix object at 0xf81408917e90&gt;
driver_headers = {'Authorization': 'Bearer eyJhbGciOiJIUzI1NiIsInR5cCI6IkpXVCJ9.eyJ1c2VyX2lkIjoiNmEzMTgxZmEtYzE0Yi00YWNkLWJlMDctM2ZjY2Y2YjU2NjAwIiwiZW1haWwiOiJkcml2ZXIxQHRlc3QuY29tIiwiZXhwIjoxNzg3MjI0NDg2fQ.WjOjVM-UxC6IW-brrKsnLTiDePodrxTgtiLHOBTs1Eg'}
admin_headers = {'Authorization': 'Bearer eyJhbGciOiJIUzI1NiIsInR5cCI6IkpXVCJ9.eyJ1c2VyX2lkIjoiMzUxZTZmOGYtM2YyMy00Y2M5LTkzYWItZDdmZWI...iZW1haWwiOiJnYWJyaWVsb3NtYW5oYW16YUB5YWhvby5jb20iLCJleHAiOjE3ODcyMjQ0ODZ9.XDC4R7NFpouB3Rv1ttCOEoDTiumGE9MO7yz3KWc-r6k'}

    def test_cancel_open_job_returns_400(self, driver_headers, admin_headers):
        # Create an 'open' job (unassigned) - post as admin (driver can also post)
        payload = {
            "title": "TEST_cancel_open",
            "pickup_address": "1 Queen St",
            "delivery_address": "2 King St",
            "pickup_city": "Toronto",
            "delivery_city": "Mississauga",
            "goods_type": "lab_samples",
            "temperature_controlled": False,
            "urgency": "standard",
            "estimated_distance_km": 10.0,
            "offered_price": 50.0,
        }
        r = requests.post(f"{API}/jobs", headers=admin_headers, json=payload)
        assert r.status_code == 200
        job_id = r.json()["id"]
    
        try:
            # Driver attempts to cancel an OPEN job (not accepted) -&gt; should be 400 now
            rc = requests.post(f"{API}/jobs/{job_id}/cancel", headers=driver_headers)
            assert rc.status_code == 400, f"expected 400 got {rc.status_code}: {rc.text}"
&gt;           assert "active" in rc.json().get("detail", "").lower() or "open" in rc.json().get("detail", "").lower()
E           AssertionError: assert ('active' in 'this job can no longer be cancelled — after pickup the item must be delivered or returned to the facility' or 'open' in 'this job can no longer be cancelled — after pickup the item must be delivered or returned to the facility')
E            +  where 'this job can no longer be cancelled — after pickup the item must be delivered or returned to the facility' = &lt;built-in method lower of str object at 0xf814089acdb0&gt;()
E            +    where &lt;built-in method lower of str object at 0xf814089acdb0&gt; = 'This job can no longer be cancelled — after pickup the item must be delivered or returned to the facility'.lower
E            +      where 'This job can no longer be cancelled — after pickup the item must be delivered or returned to the facility' = &lt;built-in method get of dict object at 0xf814087010c0&gt;('detail', '')
E            +        where &lt;built-in method get of dict object at 0xf814087010c0&gt; = {'detail': 'This job can no longer be cancelled — after pickup the item must be delivered or returned to the facility'}.get
E            +          where {'detail': 'This job can no longer be cancelled — after pickup the item must be delivered or returned to the facility'} = json()
E            +            where json = &lt;Response [400]&gt;.json
E            +  and   'this job can no longer be cancelled — after pickup the item must be delivered or returned to the facility' = &lt;built-in method lower of str object at 0xf814089ad6b0&gt;()
E            +    where &lt;built-in method lower of str object at 0xf814089ad6b0&gt; = 'This job can no longer be cancelled — after pickup the item must be delivered or returned to the facility'.lower
E            +      where 'This job can no longer be cancelled — after pickup the item must be delivered or returned to the facility' = &lt;built-in method get of dict object at 0xf814087a1880&gt;('detail', '')
E            +        where &lt;built-in method get of dict object at 0xf814087a1880&gt; = {'detail': 'This job can no longer be cancelled — after pickup the item must be delivered or returned to the facility'}.get
E            +          where {'detail': 'This job can no longer be cancelled — after pickup the item must be delivered or returned to the facility'} = json()
E            +            where json = &lt;Response [400]&gt;.json

tests/test_permits_and_fix.py:166: AssertionError</failure></testcase><testcase classname="tests.test_permits_and_fix.TestRegression" name="test_admin_stats_commission_shape" time="0.128" /><testcase classname="tests.test_permits_and_fix.TestRegression" name="test_driver_balance" time="0.111" /><testcase classname="tests.test_permits_and_fix.TestRegression" name="test_admin_ledger" time="0.115" /><testcase classname="tests.test_permits_and_fix.TestRegression" name="test_driver_no_admin_access" time="0.761" /><testcase classname="tests.test_permits_and_fix.TestRegression" name="test_admin_login_auto_promote" time="0.362" /><testcase classname="tests.test_rbac_marketplace.TestRolesFromLogin" name="test_admin_role" time="1.386" /><testcase classname="tests.test_rbac_marketplace.TestRolesFromLogin" name="test_driver_role" time="0.000" /><testcase classname="tests.test_rbac_marketplace.TestRolesFromLogin" name="test_facility_role" time="0.000" /><testcase classname="tests.test_rbac_marketplace.TestRolesFromLogin" name="test_dispatcher_role" time="0.000" /><testcase classname="tests.test_rbac_marketplace.TestJobCreationRBAC" name="test_driver_cannot_post" time="0.132" /><testcase classname="tests.test_rbac_marketplace.TestJobCreationRBAC" name="test_staff_and_facility_can_post[facility]" time="0.282" /><testcase classname="tests.test_rbac_marketplace.TestJobCreationRBAC" name="test_staff_and_facility_can_post[dispatcher]" time="0.324" /><testcase classname="tests.test_rbac_marketplace.TestJobCreationRBAC" name="test_staff_and_facility_can_post[admin]" time="0.244" /><testcase classname="tests.test_rbac_marketplace.TestJobListScoping" name="test_driver_sees_open_only_and_no_posted_by" time="0.351" /><testcase classname="tests.test_rbac_marketplace.TestJobListScoping" name="test_admin_sees_all" time="0.166" /><testcase classname="tests.test_rbac_marketplace.TestJobListScoping" name="test_dispatcher_sees_all" time="0.129" /><testcase classname="tests.test_rbac_marketplace.TestJobListScoping" name="test_facility_sees_only_own" time="0.433" /><testcase classname="tests.test_rbac_marketplace.TestDriverVerification" name="test_unverified_driver_403_on_accept" time="0.588" /><testcase classname="tests.test_rbac_marketplace.TestDriverVerification" name="test_verified_driver_can_accept_and_complete" time="0.520" /><testcase classname="tests.test_rbac_marketplace.TestJobUpdateRBAC" name="test_put_assign_unverified_driver_returns_400" time="0.373" /><testcase classname="tests.test_rbac_marketplace.TestJobUpdateRBAC" name="test_put_assign_verified_driver_syncs_accepted_by" time="0.441" /><testcase classname="tests.test_rbac_marketplace.TestJobUpdateRBAC" name="test_put_offered_without_driver_returns_400" time="0.460" /><testcase classname="tests.test_rbac_marketplace.TestJobUpdateRBAC" name="test_driver_put_only_status" time="0.632" /><testcase classname="tests.test_rbac_marketplace.TestAuditLogs" name="test_driver_forbidden" time="0.106" /><testcase classname="tests.test_rbac_marketplace.TestAuditLogs" name="test_facility_forbidden" time="0.122" /><testcase classname="tests.test_rbac_marketplace.TestAuditLogs" name="test_dispatcher_allowed" time="0.152" /><testcase classname="tests.test_rbac_marketplace.TestAuditLogs" name="test_create_writes_audit" time="0.662" /><testcase classname="tests.test_rbac_marketplace.TestFacilitiesRBAC" name="test_driver_no_billing_email" time="0.226" /><testcase classname="tests.test_rbac_marketplace.TestFacilitiesRBAC" name="test_facility_sees_own_with_billing" time="0.137" /><testcase classname="tests.test_rbac_marketplace.TestFacilitiesRBAC" name="test_admin_sees_all_with_billing" time="0.109" /><testcase classname="tests.test_rbac_marketplace.TestFacilitiesRBAC" name="test_dispatcher_sees_billing" time="0.244" /><testcase classname="tests.test_rbac_marketplace.TestDriversListRBAC" name="test_dispatcher_200" time="0.115" /><testcase classname="tests.test_rbac_marketplace.TestDriversListRBAC" name="test_admin_200" time="0.176" /><testcase classname="tests.test_rbac_marketplace.TestDriversListRBAC" name="test_driver_403" time="0.095" /><testcase classname="tests.test_rbac_marketplace.TestDriversListRBAC" name="test_facility_403" time="0.813" /><testcase classname="tests.test_reviews.TestReviewInfo" name="test_info_unknown_job_404" time="0.118" /><testcase classname="tests.test_reviews.TestReviewInfo" name="test_info_non_completed_400" time="0.421" /><testcase classname="tests.test_reviews.TestReviewInfo" name="test_info_completed_returns_shape" time="0.992" /><testcase classname="tests.test_reviews.TestSubmitReview" name="test_rating_below_1_returns_422" time="0.064" /><testcase classname="tests.test_reviews.TestSubmitReview" name="test_rating_above_5_returns_422" time="0.066" /><testcase classname="tests.test_reviews.TestSubmitReview" name="test_unknown_job_404" time="0.067" /><testcase classname="tests.test_reviews.TestSubmitReview" name="test_non_completed_job_400" time="0.064" /><testcase classname="tests.test_reviews.TestSubmitReview" name="test_submit_success_and_shape" time="0.208" /><testcase classname="tests.test_reviews.TestSubmitReview" name="test_duplicate_review_returns_400" time="0.069" /><testcase classname="tests.test_reviews.TestPublicDriverReviews" name="test_list_reviews_and_summary" time="0.134" /><testcase classname="tests.test_reviews.TestDriverReviewsAuth" name="test_driver_reviews_requires_auth" time="0.067" /><testcase classname="tests.test_reviews.TestDriverReviewsAuth" name="test_driver_reviews_returns_own" time="0.066" /><testcase classname="tests.test_reviews.TestAdminReviews" name="test_admin_reviews_requires_admin" time="0.065" /><testcase classname="tests.test_reviews.TestAdminReviews" name="test_admin_reviews_lists_all" time="0.068" /><testcase classname="tests.test_reviews.TestAdminReviews" name="test_hide_review_excludes_from_public_and_recomputes_summary" time="0.337" /><testcase classname="tests.test_reviews.TestAdminReviews" name="test_hide_unknown_returns_404" time="0.069" /><testcase classname="tests.test_reviews.TestAdminReviews" name="test_delete_rbac_driver_forbidden" time="0.064" /><testcase classname="tests.test_reviews.TestAdminReviews" name="test_delete_unknown_404" time="0.064" /><testcase classname="tests.test_reviews.TestAdminReviews" name="test_delete_removes_review" time="0.199" /><testcase classname="tests.test_reviews.TestRegression" name="test_admin_stats_200" time="0.073" /><testcase classname="tests.test_reviews.TestRegression" name="test_driver_balance_200" time="0.067" /><testcase classname="tests.test_reviews.TestRegression" name="test_permits_list_200" time="0.065" /><testcase classname="tests.test_reviews.TestRegression" name="test_driver_tips_200" time="0.081" /><testcase classname="tests.test_stripe_connect.TestRBAC" name="test_status_requires_auth" time="0.140" /><testcase classname="tests.test_stripe_connect.TestRBAC" name="test_onboard_requires_auth" time="0.131" /><testcase classname="tests.test_stripe_connect.TestRBAC" name="test_login_link_requires_auth" time="0.150" /><testcase classname="tests.test_stripe_connect.TestConnectStatus" name="test_status_empty_before_onboard" time="0.467" /><testcase classname="tests.test_stripe_connect.TestConnectOnboard" name="test_login_link_400_before_onboard" time="0.126" /><testcase classname="tests.test_stripe_connect.TestConnectOnboard" name="test_onboard_creates_account_and_returns_stripe_url" time="3.781" /><testcase classname="tests.test_stripe_connect.TestConnectOnboard" name="test_onboard_reuses_existing_account" time="0.443" /><testcase classname="tests.test_stripe_connect.TestConnectOnboard" name="test_status_after_onboard" time="0.653" /><testcase classname="tests.test_stripe_connect.TestConnectOnboard" name="test_login_link_success_after_onboard" time="0.564" /><testcase classname="tests.test_stripe_connect.TestTipConnectRouting" name="test_tip_fallback_when_charges_disabled" time="1.125" /><testcase classname="tests.test_stripe_connect.TestTipConnectRouting" name="test_tip_connect_route_with_fake_account_returns_400" time="0.283" /><testcase classname="tests.test_stripe_connect.TestTipConnectRouting" name="test_tip_fallback_when_no_connect_account" time="0.354" /><testcase classname="tests.test_stripe_connect.TestRegression" name="test_admin_stats" time="0.152" /><testcase classname="tests.test_stripe_connect.TestRegression" name="test_balance_checkout" time="0.109" /><testcase classname="tests.test_stripe_connect.TestRegression" name="test_permits_list" time="0.119" /><testcase classname="tests.test_stripe_connect.TestRegression" name="test_driver_tips_shape" time="0.375" /><testcase classname="tests.test_tip_flow.TestTipInfo" name="test_info_unknown_job_returns_404" time="0.139" /><testcase classname="tests.test_tip_flow.TestTipInfo" name="test_info_non_completed_returns_400" time="0.449" /><testcase classname="tests.test_tip_flow.TestTipInfo" name="test_info_completed_returns_presets_and_driver" time="0.605" /><testcase classname="tests.test_tip_flow.TestTipCheckoutValidation" name="test_checkout_zero_amount_400" time="0.075" /><testcase classname="tests.test_tip_flow.TestTipCheckoutValidation" name="test_checkout_negative_amount_400" time="0.073" /><testcase classname="tests.test_tip_flow.TestTipCheckoutValidation" name="test_checkout_above_max_400" time="0.071" /><testcase classname="tests.test_tip_flow.TestTipCheckoutValidation" name="test_checkout_unknown_job_404" time="0.070" /><testcase classname="tests.test_tip_flow.TestTipCheckoutValidation" name="test_checkout_non_completed_job_400" time="0.148" /><testcase classname="tests.test_tip_flow.TestTipCheckoutAndSettle" name="test_checkout_creates_session_and_payment_transaction" time="0.389" /><testcase classname="tests.test_tip_flow.TestTipCheckoutAndSettle" name="test_paid_tip_credits_earnings_and_is_idempotent" time="0.293" /><testcase classname="tests.test_tip_flow.TestTipCheckoutAndSettle" name="test_driver_tips_endpoint_reflects_total" time="0.076" /><testcase classname="tests.test_tip_flow.TestTipCheckoutAndSettle" name="test_driver_tips_requires_auth" time="0.070" /><testcase classname="tests.test_tip_flow.TestCommissionRegression" name="test_balance_settle_still_marks_ledger_paid" time="0.012" /></testsuite></testsuites>