<?xml version="1.0" encoding="utf-8"?><testsuites name="pytest tests"><testsuite name="pytest" errors="0" failures="2" skipped="0" tests="183" time="187.341" timestamp="2026-08-19T11:36:57.728552+00:00" hostname="agent-env-09539d6d-3ad6-46a4-ba0f-fac153d53ada"><testcase classname="tests.test_active_delivery.TestPickupStage" name="test_pickup_requires_accepted_status" time="2.112" /><testcase classname="tests.test_active_delivery.TestPickupStage" name="test_pickup_checklist_missing_items" time="0.810" /><testcase classname="tests.test_active_delivery.TestPickupStage" name="test_cooler_not_required_for_non_cold_job" time="0.484" /><testcase classname="tests.test_active_delivery.TestPickupStage" name="test_temperature_controlled_requires_cooler" time="0.370" /><testcase classname="tests.test_active_delivery.TestPickupStage" name="test_double_pickup_confirm_rejected" time="0.521" /><testcase classname="tests.test_active_delivery.TestTransitStage" name="test_ping_requires_picked_up" time="0.363" /><testcase classname="tests.test_active_delivery.TestTransitStage" name="test_first_ping_flips_to_in_transit" time="0.909" /><testcase classname="tests.test_active_delivery.TestDeliveryEvidence" name="test_evidence_rbac_and_serve" time="2.737" /><testcase classname="tests.test_active_delivery.TestDeliveryEvidence" name="test_id_photo_kind" time="0.579" /><testcase classname="tests.test_active_delivery.TestDeliveredStage" name="test_delivered_validations_and_settlement" time="3.172" /><testcase classname="tests.test_active_delivery.TestDeliveredStage" name="test_no_events_after_delivered" time="1.198" /><testcase classname="tests.test_active_delivery.TestReturnFlow" name="test_return_requires_attempt_and_notifies" time="1.891" /><testcase classname="tests.test_active_delivery.TestReturnFlow" name="test_delivery_attempted_requires_active_delivery" time="0.361" /><testcase classname="tests.test_active_delivery.TestLegacyComplete" name="test_complete_from_accepted_settles" time="0.456" /><testcase classname="tests.test_active_delivery.TestLegacyComplete" name="test_complete_from_in_transit" time="0.623" /><testcase classname="tests.test_active_delivery.TestCustodyRbac" name="test_facility_cannot_create_custody_event" time="0.432" /><testcase classname="tests.test_active_delivery.TestCustodyRbac" name="test_invalid_event_type_and_missing_job" time="0.515" /><testcase classname="tests.test_active_delivery.TestCustodyRbac" name="test_unauthenticated_blocked" time="52.161" /><testcase classname="tests.test_auth_hardening" name="test_bcrypt_hash_format" time="0.005" /><testcase classname="tests.test_auth_hardening" name="test_login_rejects_wrong_password_401" time="0.345" /><testcase classname="tests.test_auth_hardening" name="test_brute_force_lockout_after_5_failures" time="3.497"><failure message="AssertionError: no lockout implemented; codes=[401, 401, 401, 401, 401, 401], valid-login-after=200&#10;assert (423 in [401, 401, 401, 401, 401, 401] or 429 in [401, 401, 401, 401, 401, 401])">E   AssertionError: no lockout implemented; codes=[401, 401, 401, 401, 401, 401], valid-login-after=200
    assert (423 in [401, 401, 401, 401, 401, 401] or 429 in [401, 401, 401, 401, 401, 401])</failure></testcase><testcase classname="tests.test_commission_pivot.TestSubscriptionRemoved" name="test_subscriptions_plans_gone" time="0.126" /><testcase classname="tests.test_commission_pivot.TestSubscriptionRemoved" name="test_admin_plans_gone" time="0.466" /><testcase classname="tests.test_commission_pivot.TestSubscriptionRemoved" name="test_payments_checkout_with_plan_gone" time="0.485" /><testcase classname="tests.test_commission_pivot.TestFeeAgreement" name="test_public_fee_agreement" time="0.153" /><testcase classname="tests.test_commission_pivot.TestFeeAgreement" name="test_admin_update_fees_roundtrip" time="0.241" /><testcase classname="tests.test_commission_pivot.TestCommissionFlow" name="test_driver_accept_complete_creates_commission" time="0.660" /><testcase classname="tests.test_commission_pivot.TestCommissionFlow" name="test_cancel_within_grace_no_charge" time="0.580" /><testcase classname="tests.test_commission_pivot.TestCommissionFlow" name="test_cancel_after_grace_charges_fee" time="0.414" /><testcase classname="tests.test_commission_pivot.TestCommissionFlow" name="test_cancel_403_if_not_assigned" time="30.931" /><testcase classname="tests.test_commission_pivot.TestCommissionFlow" name="test_cancel_400_if_not_in_progress" time="10.368" /><testcase classname="tests.test_commission_pivot.TestBalanceCheckout" name="test_checkout_400_when_no_balance" time="0.490" /><testcase classname="tests.test_commission_pivot.TestBalanceCheckout" name="test_checkout_with_balance_returns_url" time="0.663" /><testcase classname="tests.test_commission_pivot.TestAdminEndpoints" name="test_admin_stats_new_shape" time="0.126" /><testcase classname="tests.test_commission_pivot.TestAdminEndpoints" name="test_admin_ledger_lists_entries" time="0.118" /><testcase classname="tests.test_commission_pivot.TestAdminEndpoints" name="test_admin_users_no_subscription_fields" time="0.134" /><testcase classname="tests.test_commission_pivot.TestAdminEndpoints" name="test_rbac_driver_blocked_on_admin" time="0.802" /><testcase classname="tests.test_dispatch_console.TestDispatchBoard" name="test_board_rbac" time="2.339" /><testcase classname="tests.test_dispatch_console.TestDispatchBoard" name="test_board_shape" time="0.238" /><testcase classname="tests.test_dispatch_console.TestDispatchBoard" name="test_board_facility_name_populated" time="0.138" /><testcase classname="tests.test_dispatch_console.TestAssignCancel" name="test_assign_approved_driver" time="0.495" /><testcase classname="tests.test_dispatch_console.TestAssignCancel" name="test_assign_unverified_driver_400" time="0.378" /><testcase classname="tests.test_dispatch_console.TestAssignCancel" name="test_offer_without_driver_400" time="0.254" /><testcase classname="tests.test_dispatch_console.TestAssignCancel" name="test_reassign_to_second_driver" time="1.087" /><testcase classname="tests.test_dispatch_console.TestAssignCancel" name="test_cancel_job" time="0.411" /><testcase classname="tests.test_dispatch_console.TestAssignCancel" name="test_cancel_assigned_job" time="0.396" /><testcase classname="tests.test_dispatch_console.TestAssignCancel" name="test_invalid_status_rejected" time="0.285" /><testcase classname="tests.test_dispatch_console.TestAssignCancel" name="test_update_missing_job_404" time="0.137" /><testcase classname="tests.test_dispatch_console.TestCustodyStaffAccess" name="test_staff_can_read_custody_of_foreign_job" time="0.550" /><testcase classname="tests.test_dispatch_console.TestCustodyStaffAccess" name="test_custody_unrelated_driver_403" time="0.225" /><testcase classname="tests.test_dispatch_console.TestCustodyStaffAccess" name="test_custody_missing_job_404" time="0.131" /><testcase classname="tests.test_driver_available_jobs.TestAvailableMasking" name="test_available_shape_and_masking" time="1.816" /><testcase classname="tests.test_driver_available_jobs.TestAvailableMasking" name="test_only_open_or_offered_to_me" time="0.245"><failure message="AssertionError: assert None == '6a3181fa-c14b-4acd-be07-3fccf6b56600'&#10; +  where None = &lt;built-in method get of dict object at 0xfbab93ae5940&gt;('assigned_driver_id')&#10; +    where &lt;built-in method get of dict object at 0xfbab93ae5940&gt; = {'accepted_at': None, 'accepted_by': None, 'assigned_driver_id': None, 'completed_at': None, ...}.get">E   AssertionError: assert None == '6a3181fa-c14b-4acd-be07-3fccf6b56600'
     +  where None = &lt;built-in method get of dict object at 0xfbab93ae5940&gt;('assigned_driver_id')
     +    where &lt;built-in method get of dict object at 0xfbab93ae5940&gt; = {'accepted_at': None, 'accepted_by': None, 'assigned_driver_id': None, 'completed_at': None, ...}.get</failure></testcase><testcase classname="tests.test_driver_available_jobs.TestColdChainEligibility" name="test_cold_chain_hidden_when_not_certified" time="0.763" /><testcase classname="tests.test_driver_available_jobs.TestAccept" name="test_accept_sets_accepted_and_reveals_addresses" time="0.760" /><testcase classname="tests.test_driver_available_jobs.TestAccept" name="test_complete_from_accepted" time="0.514" /><testcase classname="tests.test_driver_available_jobs.TestDecline" name="test_decline_open_job_hides_only_for_that_driver" time="1.008" /><testcase classname="tests.test_driver_available_jobs.TestDecline" name="test_decline_offered_reverts_to_open" time="0.606" /><testcase classname="tests.test_driver_available_jobs.TestDecline" name="test_accept_offered_to_me" time="0.534" /><testcase classname="tests.test_driver_available_jobs.TestDecline" name="test_decline_accepted_job_400" time="0.605" /><testcase classname="tests.test_driver_available_jobs.TestDecline" name="test_decline_rbac" time="1.514" /><testcase classname="tests.test_driver_available_jobs.TestDecline" name="test_decline_unknown_job_404" time="0.124" /><testcase classname="tests.test_driver_available_jobs.TestLegacyStatus" name="test_legacy_in_progress_can_complete" time="2.072" /><testcase classname="tests.test_driver_onboarding.TestOnboardingState" name="test_new_driver_onboarding_initial" time="0.857" /><testcase classname="tests.test_driver_onboarding.TestOnboardingState" name="test_auth_me_returns_verification_status" time="0.124" /><testcase classname="tests.test_driver_onboarding.TestOnboardingState" name="test_unverified_driver_cannot_accept_job" time="0.579" /><testcase classname="tests.test_driver_onboarding.TestOnboardingState" name="test_onboarding_forbidden_for_facility" time="0.129" /><testcase classname="tests.test_driver_onboarding.TestUploadValidation" name="test_invalid_doc_type_422" time="0.121" /><testcase classname="tests.test_driver_onboarding.TestUploadValidation" name="test_disallowed_mime_422" time="0.115" /><testcase classname="tests.test_driver_onboarding.TestUploadValidation" name="test_insurance_requires_expiry_422" time="0.145" /><testcase classname="tests.test_driver_onboarding.TestUploadValidation" name="test_upload_requires_driver_role" time="0.124" /><testcase classname="tests.test_driver_onboarding.TestLifecycle" name="test_upload_all_required_moves_to_pending_review" time="2.144" /><testcase classname="tests.test_driver_onboarding.TestLifecycle" name="test_file_roundtrip_owner_and_auth_query" time="1.548" /><testcase classname="tests.test_driver_onboarding.TestLifecycle" name="test_dispatcher_can_review_document" time="1.079" /><testcase classname="tests.test_driver_onboarding.TestLifecycle" name="test_review_invalid_status_422" time="0.286" /><testcase classname="tests.test_driver_onboarding.TestLifecycle" name="test_staff_endpoints_forbidden_for_driver_and_facility" time="0.832" /><testcase classname="tests.test_driver_onboarding.TestLifecycle" name="test_dispatcher_lists_verifications" time="0.126" /><testcase classname="tests.test_driver_onboarding.TestLifecycle" name="test_dispatcher_can_set_verification_and_driver_can_accept" time="0.652" /><testcase classname="tests.test_driver_onboarding.TestLifecycle" name="test_bad_verification_status_and_unknown_user" time="0.237" /><testcase classname="tests.test_driver_onboarding.TestAuditTrail" name="test_audit_entries_exist" time="0.257" /><testcase classname="tests.test_driver_onboarding.TestAuditTrail" name="test_audit_forbidden_for_driver" time="0.481" /><testcase classname="tests.test_facility_portal.TestFacilityRequestCreate" name="test_create_defaults_and_payout" time="0.966" /><testcase classname="tests.test_facility_portal.TestFacilityRequestCreate" name="test_create_no_flags_min_fee" time="1.465" /><testcase classname="tests.test_facility_portal.TestFacilityRequestCreate" name="test_explicit_pickup_address_used" time="1.466" /><testcase classname="tests.test_facility_portal.TestFacilityRequestCreate" name="test_invalid_category_422" time="0.125" /><testcase classname="tests.test_facility_portal.TestFacilityRequestCreate" name="test_invalid_flag_422" time="0.111" /><testcase classname="tests.test_facility_portal.TestFacilityRequestCreate" name="test_driver_forbidden_403" time="0.462" /><testcase classname="tests.test_facility_portal.TestFacilityRequestCreate" name="test_unauthenticated_401" time="0.111" /><testcase classname="tests.test_facility_portal.TestFacilityRequestCreate" name="test_facility_without_profile_400" time="0.951" /><testcase classname="tests.test_facility_portal.TestDriverMaskingAndAccept" name="test_masking_then_accept_reveals" time="1.964" /><testcase classname="tests.test_facility_portal.TestDriverMaskingAndAccept" name="test_decline_removes_from_queue" time="2.991" /><testcase classname="tests.test_permits_and_fix.TestPermitsPublic" name="test_get_permits_returns_seeded_six" time="0.116" /><testcase classname="tests.test_permits_and_fix.TestAdminPermitsCRUD" name="test_admin_list_permits" time="0.477" /><testcase classname="tests.test_permits_and_fix.TestAdminPermitsCRUD" name="test_driver_forbidden_admin_permits" time="0.495" /><testcase classname="tests.test_permits_and_fix.TestAdminPermitsCRUD" name="test_full_crud_flow" time="1.115" /><testcase classname="tests.test_permits_and_fix.TestCancelJobOrderFix" name="test_cancel_open_job_returns_400" time="0.359" /><testcase classname="tests.test_permits_and_fix.TestRegression" name="test_admin_stats_commission_shape" time="0.162" /><testcase classname="tests.test_permits_and_fix.TestRegression" name="test_driver_balance" time="0.124" /><testcase classname="tests.test_permits_and_fix.TestRegression" name="test_admin_ledger" time="0.139" /><testcase classname="tests.test_permits_and_fix.TestRegression" name="test_driver_no_admin_access" time="0.780" /><testcase classname="tests.test_permits_and_fix.TestRegression" name="test_admin_login_auto_promote" time="0.349" /><testcase classname="tests.test_rbac_marketplace.TestRolesFromLogin" name="test_admin_role" time="1.370" /><testcase classname="tests.test_rbac_marketplace.TestRolesFromLogin" name="test_driver_role" time="0.000" /><testcase classname="tests.test_rbac_marketplace.TestRolesFromLogin" name="test_facility_role" time="0.000" /><testcase classname="tests.test_rbac_marketplace.TestRolesFromLogin" name="test_dispatcher_role" time="0.000" /><testcase classname="tests.test_rbac_marketplace.TestJobCreationRBAC" name="test_driver_cannot_post" time="0.117" /><testcase classname="tests.test_rbac_marketplace.TestJobCreationRBAC" name="test_staff_and_facility_can_post[facility]" time="0.250" /><testcase classname="tests.test_rbac_marketplace.TestJobCreationRBAC" name="test_staff_and_facility_can_post[dispatcher]" time="0.261" /><testcase classname="tests.test_rbac_marketplace.TestJobCreationRBAC" name="test_staff_and_facility_can_post[admin]" time="0.273" /><testcase classname="tests.test_rbac_marketplace.TestJobListScoping" name="test_driver_sees_open_only_and_no_posted_by" time="0.415" /><testcase classname="tests.test_rbac_marketplace.TestJobListScoping" name="test_admin_sees_all" time="0.146" /><testcase classname="tests.test_rbac_marketplace.TestJobListScoping" name="test_dispatcher_sees_all" time="0.115" /><testcase classname="tests.test_rbac_marketplace.TestJobListScoping" name="test_facility_sees_only_own" time="0.359" /><testcase classname="tests.test_rbac_marketplace.TestDriverVerification" name="test_unverified_driver_403_on_accept" time="0.598" /><testcase classname="tests.test_rbac_marketplace.TestDriverVerification" name="test_verified_driver_can_accept_and_complete" time="0.530" /><testcase classname="tests.test_rbac_marketplace.TestJobUpdateRBAC" name="test_put_assign_unverified_driver_returns_400" time="0.365" /><testcase classname="tests.test_rbac_marketplace.TestJobUpdateRBAC" name="test_put_assign_verified_driver_syncs_accepted_by" time="0.371" /><testcase classname="tests.test_rbac_marketplace.TestJobUpdateRBAC" name="test_put_offered_without_driver_returns_400" time="0.373" /><testcase classname="tests.test_rbac_marketplace.TestJobUpdateRBAC" name="test_driver_put_only_status" time="0.639" /><testcase classname="tests.test_rbac_marketplace.TestAuditLogs" name="test_driver_forbidden" time="0.138" /><testcase classname="tests.test_rbac_marketplace.TestAuditLogs" name="test_facility_forbidden" time="0.119" /><testcase classname="tests.test_rbac_marketplace.TestAuditLogs" name="test_dispatcher_allowed" time="0.137" /><testcase classname="tests.test_rbac_marketplace.TestAuditLogs" name="test_create_writes_audit" time="0.679" /><testcase classname="tests.test_rbac_marketplace.TestFacilitiesRBAC" name="test_driver_no_billing_email" time="0.294" /><testcase classname="tests.test_rbac_marketplace.TestFacilitiesRBAC" name="test_facility_sees_own_with_billing" time="0.121" /><testcase classname="tests.test_rbac_marketplace.TestFacilitiesRBAC" name="test_admin_sees_all_with_billing" time="0.124" /><testcase classname="tests.test_rbac_marketplace.TestFacilitiesRBAC" name="test_dispatcher_sees_billing" time="0.235" /><testcase classname="tests.test_rbac_marketplace.TestDriversListRBAC" name="test_dispatcher_200" time="0.132" /><testcase classname="tests.test_rbac_marketplace.TestDriversListRBAC" name="test_admin_200" time="0.124" /><testcase classname="tests.test_rbac_marketplace.TestDriversListRBAC" name="test_driver_403" time="0.116" /><testcase classname="tests.test_rbac_marketplace.TestDriversListRBAC" name="test_facility_403" time="0.895" /><testcase classname="tests.test_reviews.TestReviewInfo" name="test_info_unknown_job_404" time="0.145" /><testcase classname="tests.test_reviews.TestReviewInfo" name="test_info_non_completed_400" time="0.439" /><testcase classname="tests.test_reviews.TestReviewInfo" name="test_info_completed_returns_shape" time="1.043" /><testcase classname="tests.test_reviews.TestSubmitReview" name="test_rating_below_1_returns_422" time="0.071" /><testcase classname="tests.test_reviews.TestSubmitReview" name="test_rating_above_5_returns_422" time="0.074" /><testcase classname="tests.test_reviews.TestSubmitReview" name="test_unknown_job_404" time="0.069" /><testcase classname="tests.test_reviews.TestSubmitReview" name="test_non_completed_job_400" time="0.067" /><testcase classname="tests.test_reviews.TestSubmitReview" name="test_submit_success_and_shape" time="0.219" /><testcase classname="tests.test_reviews.TestSubmitReview" name="test_duplicate_review_returns_400" time="0.068" /><testcase classname="tests.test_reviews.TestPublicDriverReviews" name="test_list_reviews_and_summary" time="0.155" /><testcase classname="tests.test_reviews.TestDriverReviewsAuth" name="test_driver_reviews_requires_auth" time="0.069" /><testcase classname="tests.test_reviews.TestDriverReviewsAuth" name="test_driver_reviews_returns_own" time="0.072" /><testcase classname="tests.test_reviews.TestAdminReviews" name="test_admin_reviews_requires_admin" time="0.071" /><testcase classname="tests.test_reviews.TestAdminReviews" name="test_admin_reviews_lists_all" time="0.077" /><testcase classname="tests.test_reviews.TestAdminReviews" name="test_hide_review_excludes_from_public_and_recomputes_summary" time="0.357" /><testcase classname="tests.test_reviews.TestAdminReviews" name="test_hide_unknown_returns_404" time="0.068" /><testcase classname="tests.test_reviews.TestAdminReviews" name="test_delete_rbac_driver_forbidden" time="0.075" /><testcase classname="tests.test_reviews.TestAdminReviews" name="test_delete_unknown_404" time="0.074" /><testcase classname="tests.test_reviews.TestAdminReviews" name="test_delete_removes_review" time="0.214" /><testcase classname="tests.test_reviews.TestRegression" name="test_admin_stats_200" time="0.080" /><testcase classname="tests.test_reviews.TestRegression" name="test_driver_balance_200" time="0.088" /><testcase classname="tests.test_reviews.TestRegression" name="test_permits_list_200" time="0.070" /><testcase classname="tests.test_reviews.TestRegression" name="test_driver_tips_200" time="0.085" /><testcase classname="tests.test_stripe_connect.TestRBAC" name="test_status_requires_auth" time="0.171" /><testcase classname="tests.test_stripe_connect.TestRBAC" name="test_onboard_requires_auth" time="0.110" /><testcase classname="tests.test_stripe_connect.TestRBAC" name="test_login_link_requires_auth" time="0.124" /><testcase classname="tests.test_stripe_connect.TestConnectStatus" name="test_status_empty_before_onboard" time="0.470" /><testcase classname="tests.test_stripe_connect.TestConnectOnboard" name="test_login_link_400_before_onboard" time="0.112" /><testcase classname="tests.test_stripe_connect.TestConnectOnboard" name="test_onboard_creates_account_and_returns_stripe_url" time="2.764" /><testcase classname="tests.test_stripe_connect.TestConnectOnboard" name="test_onboard_reuses_existing_account" time="0.420" /><testcase classname="tests.test_stripe_connect.TestConnectOnboard" name="test_status_after_onboard" time="0.562" /><testcase classname="tests.test_stripe_connect.TestConnectOnboard" name="test_login_link_success_after_onboard" time="0.543" /><testcase classname="tests.test_stripe_connect.TestTipConnectRouting" name="test_tip_fallback_when_charges_disabled" time="1.214" /><testcase classname="tests.test_stripe_connect.TestTipConnectRouting" name="test_tip_connect_route_with_fake_account_returns_400" time="0.276" /><testcase classname="tests.test_stripe_connect.TestTipConnectRouting" name="test_tip_fallback_when_no_connect_account" time="0.465" /><testcase classname="tests.test_stripe_connect.TestRegression" name="test_admin_stats" time="0.113" /><testcase classname="tests.test_stripe_connect.TestRegression" name="test_balance_checkout" time="0.122" /><testcase classname="tests.test_stripe_connect.TestRegression" name="test_permits_list" time="0.110" /><testcase classname="tests.test_stripe_connect.TestRegression" name="test_driver_tips_shape" time="0.415" /><testcase classname="tests.test_tip_flow.TestTipInfo" name="test_info_unknown_job_returns_404" time="0.121" /><testcase classname="tests.test_tip_flow.TestTipInfo" name="test_info_non_completed_returns_400" time="0.404" /><testcase classname="tests.test_tip_flow.TestTipInfo" name="test_info_completed_returns_presets_and_driver" time="0.524" /><testcase classname="tests.test_tip_flow.TestTipCheckoutValidation" name="test_checkout_zero_amount_400" time="0.056" /><testcase classname="tests.test_tip_flow.TestTipCheckoutValidation" name="test_checkout_negative_amount_400" time="0.056" /><testcase classname="tests.test_tip_flow.TestTipCheckoutValidation" name="test_checkout_above_max_400" time="0.060" /><testcase classname="tests.test_tip_flow.TestTipCheckoutValidation" name="test_checkout_unknown_job_404" time="0.057" /><testcase classname="tests.test_tip_flow.TestTipCheckoutValidation" name="test_checkout_non_completed_job_400" time="0.119" /><testcase classname="tests.test_tip_flow.TestTipCheckoutAndSettle" name="test_checkout_creates_session_and_payment_transaction" time="0.434" /><testcase classname="tests.test_tip_flow.TestTipCheckoutAndSettle" name="test_paid_tip_credits_earnings_and_is_idempotent" time="0.295" /><testcase classname="tests.test_tip_flow.TestTipCheckoutAndSettle" name="test_driver_tips_endpoint_reflects_total" time="0.059" /><testcase classname="tests.test_tip_flow.TestTipCheckoutAndSettle" name="test_driver_tips_requires_auth" time="0.055" /><testcase classname="tests.test_tip_flow.TestCommissionRegression" name="test_balance_settle_still_marks_ledger_paid" time="1.300" /></testsuite></testsuites>