<?xml version="1.0" encoding="utf-8"?><testsuites name="pytest tests"><testsuite name="pytest" errors="0" failures="0" skipped="0" tests="58" time="92.686" timestamp="2026-08-19T09:36:45.326250+00:00" hostname="agent-env-09539d6d-3ad6-46a4-ba0f-fac153d53ada"><testcase classname="tests.test_rbac_marketplace.TestRolesFromLogin" name="test_admin_role" time="1.419" /><testcase classname="tests.test_rbac_marketplace.TestRolesFromLogin" name="test_driver_role" time="0.000" /><testcase classname="tests.test_rbac_marketplace.TestRolesFromLogin" name="test_facility_role" time="0.000" /><testcase classname="tests.test_rbac_marketplace.TestRolesFromLogin" name="test_dispatcher_role" time="0.000" /><testcase classname="tests.test_rbac_marketplace.TestJobCreationRBAC" name="test_driver_cannot_post" time="0.113" /><testcase classname="tests.test_rbac_marketplace.TestJobCreationRBAC" name="test_staff_and_facility_can_post[facility]" time="0.240" /><testcase classname="tests.test_rbac_marketplace.TestJobCreationRBAC" name="test_staff_and_facility_can_post[dispatcher]" time="0.215" /><testcase classname="tests.test_rbac_marketplace.TestJobCreationRBAC" name="test_staff_and_facility_can_post[admin]" time="0.226" /><testcase classname="tests.test_rbac_marketplace.TestJobListScoping" name="test_driver_sees_open_only_and_no_posted_by" time="0.352" /><testcase classname="tests.test_rbac_marketplace.TestJobListScoping" name="test_admin_sees_all" time="0.126" /><testcase classname="tests.test_rbac_marketplace.TestJobListScoping" name="test_dispatcher_sees_all" time="0.116" /><testcase classname="tests.test_rbac_marketplace.TestJobListScoping" name="test_facility_sees_only_own" time="0.396" /><testcase classname="tests.test_rbac_marketplace.TestDriverVerification" name="test_unverified_driver_403_on_accept" time="0.576" /><testcase classname="tests.test_rbac_marketplace.TestDriverVerification" name="test_verified_driver_can_accept_and_complete" time="0.493" /><testcase classname="tests.test_rbac_marketplace.TestJobUpdateRBAC" name="test_put_assign_unverified_driver_returns_400" time="0.357" /><testcase classname="tests.test_rbac_marketplace.TestJobUpdateRBAC" name="test_put_assign_verified_driver_syncs_accepted_by" time="0.385" /><testcase classname="tests.test_rbac_marketplace.TestJobUpdateRBAC" name="test_put_offered_without_driver_returns_400" time="0.376" /><testcase classname="tests.test_rbac_marketplace.TestJobUpdateRBAC" name="test_driver_put_only_status" time="0.651" /><testcase classname="tests.test_rbac_marketplace.TestAuditLogs" name="test_driver_forbidden" time="0.110" /><testcase classname="tests.test_rbac_marketplace.TestAuditLogs" name="test_facility_forbidden" time="0.106" /><testcase classname="tests.test_rbac_marketplace.TestAuditLogs" name="test_dispatcher_allowed" time="0.117" /><testcase classname="tests.test_rbac_marketplace.TestAuditLogs" name="test_create_writes_audit" time="68.946" /><testcase classname="tests.test_rbac_marketplace.TestFacilitiesRBAC" name="test_driver_no_billing_email" time="0.250" /><testcase classname="tests.test_rbac_marketplace.TestFacilitiesRBAC" name="test_facility_sees_own_with_billing" time="0.113" /><testcase classname="tests.test_rbac_marketplace.TestFacilitiesRBAC" name="test_admin_sees_all_with_billing" time="0.117" /><testcase classname="tests.test_rbac_marketplace.TestFacilitiesRBAC" name="test_dispatcher_sees_billing" time="0.225" /><testcase classname="tests.test_rbac_marketplace.TestDriversListRBAC" name="test_dispatcher_200" time="0.113" /><testcase classname="tests.test_rbac_marketplace.TestDriversListRBAC" name="test_admin_200" time="0.128" /><testcase classname="tests.test_rbac_marketplace.TestDriversListRBAC" name="test_driver_403" time="0.107" /><testcase classname="tests.test_rbac_marketplace.TestDriversListRBAC" name="test_facility_403" time="0.861" /><testcase classname="tests.test_commission_pivot.TestSubscriptionRemoved" name="test_subscriptions_plans_gone" time="0.108" /><testcase classname="tests.test_commission_pivot.TestSubscriptionRemoved" name="test_admin_plans_gone" time="0.451" /><testcase classname="tests.test_commission_pivot.TestSubscriptionRemoved" name="test_payments_checkout_with_plan_gone" time="0.448" /><testcase classname="tests.test_commission_pivot.TestFeeAgreement" name="test_public_fee_agreement" time="0.113" /><testcase classname="tests.test_commission_pivot.TestFeeAgreement" name="test_admin_update_fees_roundtrip" time="0.284" /><testcase classname="tests.test_commission_pivot.TestCommissionFlow" name="test_driver_accept_complete_creates_commission" time="0.575" /><testcase classname="tests.test_commission_pivot.TestCommissionFlow" name="test_cancel_within_grace_no_charge" time="0.468" /><testcase classname="tests.test_commission_pivot.TestCommissionFlow" name="test_cancel_after_grace_charges_fee" time="0.369" /><testcase classname="tests.test_commission_pivot.TestCommissionFlow" name="test_cancel_403_if_not_assigned" time="0.819" /><testcase classname="tests.test_commission_pivot.TestCommissionFlow" name="test_cancel_400_if_not_in_progress" time="0.240" /><testcase classname="tests.test_commission_pivot.TestBalanceCheckout" name="test_checkout_400_when_no_balance" time="0.449" /><testcase classname="tests.test_commission_pivot.TestBalanceCheckout" name="test_checkout_with_balance_returns_url" time="0.730" /><testcase classname="tests.test_commission_pivot.TestAdminEndpoints" name="test_admin_stats_new_shape" time="0.126" /><testcase classname="tests.test_commission_pivot.TestAdminEndpoints" name="test_admin_ledger_lists_entries" time="0.120" /><testcase classname="tests.test_commission_pivot.TestAdminEndpoints" name="test_admin_users_no_subscription_fields" time="0.128" /><testcase classname="tests.test_commission_pivot.TestAdminEndpoints" name="test_rbac_driver_blocked_on_admin" time="0.753" /><testcase classname="tests.test_driver_available_jobs.TestAvailableMasking" name="test_available_shape_and_masking" time="1.729" /><testcase classname="tests.test_driver_available_jobs.TestAvailableMasking" name="test_only_open_or_offered_to_me" time="0.227" /><testcase classname="tests.test_driver_available_jobs.TestColdChainEligibility" name="test_cold_chain_hidden_when_not_certified" time="0.735" /><testcase classname="tests.test_driver_available_jobs.TestAccept" name="test_accept_sets_accepted_and_reveals_addresses" time="0.697" /><testcase classname="tests.test_driver_available_jobs.TestAccept" name="test_complete_from_accepted" time="0.471" /><testcase classname="tests.test_driver_available_jobs.TestDecline" name="test_decline_open_job_hides_only_for_that_driver" time="0.930" /><testcase classname="tests.test_driver_available_jobs.TestDecline" name="test_decline_offered_reverts_to_open" time="0.591" /><testcase classname="tests.test_driver_available_jobs.TestDecline" name="test_accept_offered_to_me" time="0.473" /><testcase classname="tests.test_driver_available_jobs.TestDecline" name="test_decline_accepted_job_400" time="0.478" /><testcase classname="tests.test_driver_available_jobs.TestDecline" name="test_decline_rbac" time="0.487" /><testcase classname="tests.test_driver_available_jobs.TestDecline" name="test_decline_unknown_job_404" time="0.115" /><testcase classname="tests.test_driver_available_jobs.TestLegacyStatus" name="test_legacy_in_progress_can_complete" time="2.162" /></testsuite></testsuites>