<?xml version="1.0" encoding="utf-8"?><testsuites name="pytest tests"><testsuite name="pytest" errors="0" failures="0" skipped="0" tests="30" time="9.015" timestamp="2026-08-19T08:38:48.984949+00:00" hostname="agent-env-09539d6d-3ad6-46a4-ba0f-fac153d53ada"><testcase classname="backend.tests.test_rbac_marketplace.TestRolesFromLogin" name="test_admin_role" time="1.392" /><testcase classname="backend.tests.test_rbac_marketplace.TestRolesFromLogin" name="test_driver_role" time="0.000" /><testcase classname="backend.tests.test_rbac_marketplace.TestRolesFromLogin" name="test_facility_role" time="0.000" /><testcase classname="backend.tests.test_rbac_marketplace.TestRolesFromLogin" name="test_dispatcher_role" time="0.000" /><testcase classname="backend.tests.test_rbac_marketplace.TestJobCreationRBAC" name="test_driver_cannot_post" time="0.118" /><testcase classname="backend.tests.test_rbac_marketplace.TestJobCreationRBAC" name="test_staff_and_facility_can_post[facility]" time="0.227" /><testcase classname="backend.tests.test_rbac_marketplace.TestJobCreationRBAC" name="test_staff_and_facility_can_post[dispatcher]" time="0.239" /><testcase classname="backend.tests.test_rbac_marketplace.TestJobCreationRBAC" name="test_staff_and_facility_can_post[admin]" time="0.237" /><testcase classname="backend.tests.test_rbac_marketplace.TestJobListScoping" name="test_driver_sees_open_only_and_no_posted_by" time="0.410" /><testcase classname="backend.tests.test_rbac_marketplace.TestJobListScoping" name="test_admin_sees_all" time="0.122" /><testcase classname="backend.tests.test_rbac_marketplace.TestJobListScoping" name="test_dispatcher_sees_all" time="0.132" /><testcase classname="backend.tests.test_rbac_marketplace.TestJobListScoping" name="test_facility_sees_only_own" time="0.358" /><testcase classname="backend.tests.test_rbac_marketplace.TestDriverVerification" name="test_unverified_driver_403_on_accept" time="0.603" /><testcase classname="backend.tests.test_rbac_marketplace.TestDriverVerification" name="test_verified_driver_can_accept_and_complete" time="0.481" /><testcase classname="backend.tests.test_rbac_marketplace.TestJobUpdateRBAC" name="test_put_assign_unverified_driver_returns_400" time="0.351" /><testcase classname="backend.tests.test_rbac_marketplace.TestJobUpdateRBAC" name="test_put_assign_verified_driver_syncs_accepted_by" time="0.382" /><testcase classname="backend.tests.test_rbac_marketplace.TestJobUpdateRBAC" name="test_put_offered_without_driver_returns_400" time="0.359" /><testcase classname="backend.tests.test_rbac_marketplace.TestJobUpdateRBAC" name="test_driver_put_only_status" time="0.588" /><testcase classname="backend.tests.test_rbac_marketplace.TestAuditLogs" name="test_driver_forbidden" time="0.118" /><testcase classname="backend.tests.test_rbac_marketplace.TestAuditLogs" name="test_facility_forbidden" time="0.103" /><testcase classname="backend.tests.test_rbac_marketplace.TestAuditLogs" name="test_dispatcher_allowed" time="0.122" /><testcase classname="backend.tests.test_rbac_marketplace.TestAuditLogs" name="test_create_writes_audit" time="0.653" /><testcase classname="backend.tests.test_rbac_marketplace.TestFacilitiesRBAC" name="test_driver_no_billing_email" time="0.232" /><testcase classname="backend.tests.test_rbac_marketplace.TestFacilitiesRBAC" name="test_facility_sees_own_with_billing" time="0.129" /><testcase classname="backend.tests.test_rbac_marketplace.TestFacilitiesRBAC" name="test_admin_sees_all_with_billing" time="0.121" /><testcase classname="backend.tests.test_rbac_marketplace.TestFacilitiesRBAC" name="test_dispatcher_sees_billing" time="0.266" /><testcase classname="backend.tests.test_rbac_marketplace.TestDriversListRBAC" name="test_dispatcher_200" time="0.113" /><testcase classname="backend.tests.test_rbac_marketplace.TestDriversListRBAC" name="test_admin_200" time="0.118" /><testcase classname="backend.tests.test_rbac_marketplace.TestDriversListRBAC" name="test_driver_403" time="0.119" /><testcase classname="backend.tests.test_rbac_marketplace.TestDriversListRBAC" name="test_facility_403" time="0.824" /></testsuite></testsuites>