<?xml version="1.0" encoding="utf-8"?><testsuites name="pytest tests"><testsuite name="pytest" errors="0" failures="0" skipped="0" tests="23" time="3.481" timestamp="2026-04-19T03:47:42.098891+00:00" hostname="agent-env-09539d6d-3ad6-46a4-ba0f-fac153d53ada"><testcase classname="backend.tests.test_reviews.TestReviewInfo" name="test_info_unknown_job_404" time="0.173" /><testcase classname="backend.tests.test_reviews.TestReviewInfo" name="test_info_non_completed_400" time="0.400" /><testcase classname="backend.tests.test_reviews.TestReviewInfo" name="test_info_completed_returns_shape" time="0.973" /><testcase classname="backend.tests.test_reviews.TestSubmitReview" name="test_rating_below_1_returns_422" time="0.056" /><testcase classname="backend.tests.test_reviews.TestSubmitReview" name="test_rating_above_5_returns_422" time="0.057" /><testcase classname="backend.tests.test_reviews.TestSubmitReview" name="test_unknown_job_404" time="0.056" /><testcase classname="backend.tests.test_reviews.TestSubmitReview" name="test_non_completed_job_400" time="0.059" /><testcase classname="backend.tests.test_reviews.TestSubmitReview" name="test_submit_success_and_shape" time="0.177" /><testcase classname="backend.tests.test_reviews.TestSubmitReview" name="test_duplicate_review_returns_400" time="0.085" /><testcase classname="backend.tests.test_reviews.TestPublicDriverReviews" name="test_list_reviews_and_summary" time="0.125" /><testcase classname="backend.tests.test_reviews.TestDriverReviewsAuth" name="test_driver_reviews_requires_auth" time="0.059" /><testcase classname="backend.tests.test_reviews.TestDriverReviewsAuth" name="test_driver_reviews_returns_own" time="0.060" /><testcase classname="backend.tests.test_reviews.TestAdminReviews" name="test_admin_reviews_requires_admin" time="0.060" /><testcase classname="backend.tests.test_reviews.TestAdminReviews" name="test_admin_reviews_lists_all" time="0.058" /><testcase classname="backend.tests.test_reviews.TestAdminReviews" name="test_hide_review_excludes_from_public_and_recomputes_summary" time="0.322" /><testcase classname="backend.tests.test_reviews.TestAdminReviews" name="test_hide_unknown_returns_404" time="0.059" /><testcase classname="backend.tests.test_reviews.TestAdminReviews" name="test_delete_rbac_driver_forbidden" time="0.058" /><testcase classname="backend.tests.test_reviews.TestAdminReviews" name="test_delete_unknown_404" time="0.063" /><testcase classname="backend.tests.test_reviews.TestAdminReviews" name="test_delete_removes_review" time="0.175" /><testcase classname="backend.tests.test_reviews.TestRegression" name="test_admin_stats_200" time="0.061" /><testcase classname="backend.tests.test_reviews.TestRegression" name="test_driver_balance_200" time="0.057" /><testcase classname="backend.tests.test_reviews.TestRegression" name="test_permits_list_200" time="0.058" /><testcase classname="backend.tests.test_reviews.TestRegression" name="test_driver_tips_200" time="0.072" /></testsuite></testsuites>