<?xml version="1.0" encoding="utf-8"?><testsuites name="pytest tests"><testsuite name="pytest" errors="0" failures="0" skipped="0" tests="16" time="9.123" timestamp="2026-04-19T03:32:35.271231+00:00" hostname="agent-env-09539d6d-3ad6-46a4-ba0f-fac153d53ada"><testcase classname="backend.tests.test_stripe_connect.TestRBAC" name="test_status_requires_auth" time="0.182" /><testcase classname="backend.tests.test_stripe_connect.TestRBAC" name="test_onboard_requires_auth" time="0.096" /><testcase classname="backend.tests.test_stripe_connect.TestRBAC" name="test_login_link_requires_auth" time="0.132" /><testcase classname="backend.tests.test_stripe_connect.TestConnectStatus" name="test_status_empty_before_onboard" time="0.444" /><testcase classname="backend.tests.test_stripe_connect.TestConnectOnboard" name="test_login_link_400_before_onboard" time="0.119" /><testcase classname="backend.tests.test_stripe_connect.TestConnectOnboard" name="test_onboard_creates_account_and_returns_stripe_url" time="3.855" /><testcase classname="backend.tests.test_stripe_connect.TestConnectOnboard" name="test_onboard_reuses_existing_account" time="0.380" /><testcase classname="backend.tests.test_stripe_connect.TestConnectOnboard" name="test_status_after_onboard" time="0.609" /><testcase classname="backend.tests.test_stripe_connect.TestConnectOnboard" name="test_login_link_success_after_onboard" time="0.480" /><testcase classname="backend.tests.test_stripe_connect.TestTipConnectRouting" name="test_tip_fallback_when_charges_disabled" time="1.170" /><testcase classname="backend.tests.test_stripe_connect.TestTipConnectRouting" name="test_tip_connect_route_with_fake_account_returns_400" time="0.228" /><testcase classname="backend.tests.test_stripe_connect.TestTipConnectRouting" name="test_tip_fallback_when_no_connect_account" time="0.424" /><testcase classname="backend.tests.test_stripe_connect.TestRegression" name="test_admin_stats" time="0.112" /><testcase classname="backend.tests.test_stripe_connect.TestRegression" name="test_balance_checkout" time="0.314" /><testcase classname="backend.tests.test_stripe_connect.TestRegression" name="test_permits_list" time="0.111" /><testcase classname="backend.tests.test_stripe_connect.TestRegression" name="test_driver_tips_shape" time="0.341" /></testsuite></testsuites>