<?xml version="1.0" encoding="utf-8"?><testsuites name="pytest tests"><testsuite name="pytest" errors="0" failures="0" skipped="0" tests="13" time="4.460" timestamp="2026-04-19T02:45:21.839371+00:00" hostname="agent-env-09539d6d-3ad6-46a4-ba0f-fac153d53ada"><testcase classname="backend.tests.test_tip_flow.TestTipInfo" name="test_info_unknown_job_returns_404" time="0.246" /><testcase classname="backend.tests.test_tip_flow.TestTipInfo" name="test_info_non_completed_returns_400" time="0.413" /><testcase classname="backend.tests.test_tip_flow.TestTipInfo" name="test_info_completed_returns_presets_and_driver" time="0.480" /><testcase classname="backend.tests.test_tip_flow.TestTipCheckoutValidation" name="test_checkout_zero_amount_400" time="0.047" /><testcase classname="backend.tests.test_tip_flow.TestTipCheckoutValidation" name="test_checkout_negative_amount_400" time="0.050" /><testcase classname="backend.tests.test_tip_flow.TestTipCheckoutValidation" name="test_checkout_above_max_400" time="0.047" /><testcase classname="backend.tests.test_tip_flow.TestTipCheckoutValidation" name="test_checkout_unknown_job_404" time="0.070" /><testcase classname="backend.tests.test_tip_flow.TestTipCheckoutValidation" name="test_checkout_non_completed_job_400" time="0.217" /><testcase classname="backend.tests.test_tip_flow.TestTipCheckoutAndSettle" name="test_checkout_creates_session_and_payment_transaction" time="2.413" /><testcase classname="backend.tests.test_tip_flow.TestTipCheckoutAndSettle" name="test_paid_tip_credits_earnings_and_is_idempotent" time="0.220" /><testcase classname="backend.tests.test_tip_flow.TestTipCheckoutAndSettle" name="test_driver_tips_endpoint_reflects_total" time="0.053" /><testcase classname="backend.tests.test_tip_flow.TestTipCheckoutAndSettle" name="test_driver_tips_requires_auth" time="0.047" /><testcase classname="backend.tests.test_tip_flow.TestCommissionRegression" name="test_balance_settle_still_marks_ledger_paid" time="0.012" /></testsuite></testsuites>